#
# There is insufficient memory for the Java Runtime Environment to continue.
# Native memory allocation (malloc) failed to allocate 1877776 bytes for Chunk::new
# Possible reasons:
#   The system is out of physical RAM or swap space
#   The process is running with CompressedOops enabled, and the Java Heap may be blocking the growth of the native heap
# Possible solutions:
#   Reduce memory load on the system
#   Increase physical memory or swap space
#   Check if swap backing store is full
#   Decrease Java heap size (-Xmx/-Xms)
#   Decrease number of Java threads
#   Decrease Java thread stack sizes (-Xss)
#   Set larger code cache with -XX:ReservedCodeCacheSize=
#   JVM is running with Unscaled Compressed Oops mode in which the Java heap is
#     placed in the first 4GB address space. The Java Heap base address is the
#     maximum limit for the native heap growth. Please use -XX:HeapBaseMinAddress
#     to set the Java Heap base and to place the Java Heap above 4GB virtual address.
# This output file may be truncated or incomplete.
#
#  Out of Memory Error (arena.cpp:189), pid=23820, tid=25532
#
# JRE version: Java(TM) SE Runtime Environment (17.0.7+8) (build 17.0.7+8-LTS-224)
# Java VM: Java HotSpot(TM) 64-Bit Server VM (17.0.7+8-LTS-224, mixed mode, sharing, tiered, compressed oops, compressed class ptrs, g1 gc, windows-amd64)
# No core dump will be written. Minidumps are not enabled by default on client versions of Windows
#

---------------  S U M M A R Y ------------

Command Line: -Xmx64m -Xms64m -Dorg.gradle.appname=gradlew org.gradle.wrapper.GradleWrapperMain clean build

Host: AMD Ryzen 7 PRO 4750U with Radeon Graphics, 16 cores, 15G,  Windows 11 , 64 bit Build 26100 (10.0.26100.3323)
Time: Sat Mar 15 10:42:37 2025 Mitteleuropäische Zeit elapsed time: 539.037143 seconds (0d 0h 8m 59s)

---------------  T H R E A D  ---------------

Current thread (0x00000269e19ca940):  JavaThread "C2 CompilerThread0" daemon [_thread_in_native, id=25532, stack(0x000000c2ca700000,0x000000c2ca800000)]


Current CompileTask:
C2: 539037 1882       4       org.gradle.internal.logging.console.ProgressBar::formatProgress (328 bytes)

Stack: [0x000000c2ca700000,0x000000c2ca800000]
Native frames: (J=compiled Java code, j=interpreted, Vv=VM code, C=native code)
V  [jvm.dll+0x676a4a]
V  [jvm.dll+0x7d74f4]
V  [jvm.dll+0x7d8c9e]
V  [jvm.dll+0x7d9303]
V  [jvm.dll+0x2452c5]
V  [jvm.dll+0xaaa2b]
V  [jvm.dll+0xaafcc]
V  [jvm.dll+0x3613cf]
V  [jvm.dll+0x32bba1]
V  [jvm.dll+0x32b03a]
V  [jvm.dll+0x217acf]
V  [jvm.dll+0x216f01]
V  [jvm.dll+0x1a35e0]
V  [jvm.dll+0x226a6e]
V  [jvm.dll+0x224e15]
V  [jvm.dll+0x78d05c]
V  [jvm.dll+0x78759a]
V  [jvm.dll+0x675875]
C  [ucrtbase.dll+0x37b0]
C  [KERNEL32.DLL+0x2e8d7]
C  [ntdll.dll+0xbbf6c]


---------------  P R O C E S S  ---------------

Threads class SMR info:
_java_thread_list=0x00000269e3347b00, length=15, elements={
0x00000269c6ff2770, 0x00000269c70b7a60, 0x00000269e19b66c0, 0x00000269e19c5d90,
0x00000269e19c8850, 0x00000269e19c9200, 0x00000269e19c9bb0, 0x00000269e19ca940,
0x00000269e19cb3e0, 0x00000269e19ce1e0, 0x00000269e2489970, 0x00000269e2492010,
0x00000269e3c2a030, 0x00000269e38f2290, 0x00000269e38b7050
}

Java Threads: ( => current thread )
  0x00000269c6ff2770 JavaThread "main" [_thread_in_native, id=7952, stack(0x000000c2c9a00000,0x000000c2c9b00000)]
  0x00000269c70b7a60 JavaThread "Reference Handler" daemon [_thread_blocked, id=6028, stack(0x000000c2ca100000,0x000000c2ca200000)]
  0x00000269e19b66c0 JavaThread "Finalizer" daemon [_thread_blocked, id=14204, stack(0x000000c2ca200000,0x000000c2ca300000)]
  0x00000269e19c5d90 JavaThread "Signal Dispatcher" daemon [_thread_blocked, id=3768, stack(0x000000c2ca300000,0x000000c2ca400000)]
  0x00000269e19c8850 JavaThread "Attach Listener" daemon [_thread_blocked, id=21968, stack(0x000000c2ca400000,0x000000c2ca500000)]
  0x00000269e19c9200 JavaThread "Service Thread" daemon [_thread_blocked, id=4160, stack(0x000000c2ca500000,0x000000c2ca600000)]
  0x00000269e19c9bb0 JavaThread "Monitor Deflation Thread" daemon [_thread_blocked, id=25160, stack(0x000000c2ca600000,0x000000c2ca700000)]
=>0x00000269e19ca940 JavaThread "C2 CompilerThread0" daemon [_thread_in_native, id=25532, stack(0x000000c2ca700000,0x000000c2ca800000)]
  0x00000269e19cb3e0 JavaThread "C1 CompilerThread0" daemon [_thread_blocked, id=19888, stack(0x000000c2ca800000,0x000000c2ca900000)]
  0x00000269e19ce1e0 JavaThread "Sweeper thread" daemon [_thread_blocked, id=22096, stack(0x000000c2ca900000,0x000000c2caa00000)]
  0x00000269e2489970 JavaThread "Notification Thread" daemon [_thread_blocked, id=14400, stack(0x000000c2cac00000,0x000000c2cad00000)]
  0x00000269e2492010 JavaThread "Common-Cleaner" daemon [_thread_blocked, id=11716, stack(0x000000c2cae00000,0x000000c2caf00000)]
  0x00000269e3c2a030 JavaThread "pool-1-thread-1" [_thread_blocked, id=21288, stack(0x000000c2cb500000,0x000000c2cb600000)]
  0x00000269e38f2290 JavaThread "DisconnectableInputStream source reader" daemon [_thread_in_native, id=16556, stack(0x000000c2cb800000,0x000000c2cb900000)]
  0x00000269e38b7050 JavaThread "Forward input" [_thread_blocked, id=22580, stack(0x000000c2cb900000,0x000000c2cba00000)]

Other Threads:
  0x00000269c70b6bf0 VMThread "VM Thread" [stack: 0x000000c2ca000000,0x000000c2ca100000] [id=25356]
  0x00000269e248b310 WatcherThread [stack: 0x000000c2cad00000,0x000000c2cae00000] [id=10968]
  0x00000269c7016ef0 GCTaskThread "GC Thread#0" [stack: 0x000000c2c9b00000,0x000000c2c9c00000] [id=20152]
  0x00000269e2affc10 GCTaskThread "GC Thread#1" [stack: 0x000000c2cb100000,0x000000c2cb200000] [id=22396]
  0x00000269e2d49230 GCTaskThread "GC Thread#2" [stack: 0x000000c2cb200000,0x000000c2cb300000] [id=22784]
  0x00000269e2e52850 GCTaskThread "GC Thread#3" [stack: 0x000000c2cb300000,0x000000c2cb400000] [id=24884]
  0x00000269e30ff590 GCTaskThread "GC Thread#4" [stack: 0x000000c2caf00000,0x000000c2cb000000] [id=20724]
  0x00000269e363b450 GCTaskThread "GC Thread#5" [stack: 0x000000c2cb000000,0x000000c2cb100000] [id=15112]
  0x00000269e332c5d0 GCTaskThread "GC Thread#6" [stack: 0x000000c2cb600000,0x000000c2cb700000] [id=13300]
  0x00000269c701a650 ConcurrentGCThread "G1 Main Marker" [stack: 0x000000c2c9c00000,0x000000c2c9d00000] [id=24044]
  0x00000269c701bd30 ConcurrentGCThread "G1 Conc#0" [stack: 0x000000c2c9d00000,0x000000c2c9e00000] [id=1400]
  0x00000269c70963f0 ConcurrentGCThread "G1 Refine#0" [stack: 0x000000c2c9e00000,0x000000c2c9f00000] [id=9916]
  0x00000269c7097cc0 ConcurrentGCThread "G1 Service" [stack: 0x000000c2c9f00000,0x000000c2ca000000] [id=17764]

Threads with active compile tasks:
C2 CompilerThread0   539071 1882       4       org.gradle.internal.logging.console.ProgressBar::formatProgress (328 bytes)

VM state: not at safepoint (normal execution)

VM Mutex/Monitor currently owned by a thread: None

Heap address: 0x00000000fc000000, size: 64 MB, Compressed Oops mode: 32-bit

CDS archive(s) mapped at: [0x0000000800000000-0x0000000800bd0000-0x0000000800bd0000), size 12386304, SharedBaseAddress: 0x0000000800000000, ArchiveRelocationMode: 0.
Compressed class space mapped at: 0x0000000800c00000-0x0000000840c00000, reserved size: 1073741824
Narrow klass base: 0x0000000800000000, Narrow klass shift: 0, Narrow klass range: 0x100000000

GC Precious Log:
 CPUs: 16 total, 16 available
 Memory: 15591M
 Large Page Support: Disabled
 NUMA Support: Disabled
 Compressed Oops: Enabled (32-bit)
 Heap Region Size: 1M
 Heap Min Capacity: 64M
 Heap Initial Capacity: 64M
 Heap Max Capacity: 64M
 Pre-touch: Disabled
 Parallel Workers: 13
 Concurrent Workers: 3
 Concurrent Refinement Workers: 13
 Periodic GC: Disabled

Heap:
 garbage-first heap   total 65536K, used 27017K [0x00000000fc000000, 0x0000000100000000)
  region size 1024K, 17 young (17408K), 2 survivors (2048K)
 Metaspace       used 9691K, committed 9856K, reserved 1064960K
  class space    used 1270K, committed 1344K, reserved 1048576K

Heap Regions: E=young(eden), S=young(survivor), O=old, HS=humongous(starts), HC=humongous(continues), CS=collection set, F=free, OA=open archive, CA=closed archive, TAMS=top-at-mark-start (previous, next)
|   0|0x00000000fc000000, 0x00000000fc100000, 0x00000000fc100000|100%|HS|  |TAMS 0x00000000fc000000, 0x00000000fc000000| Complete 
|   1|0x00000000fc100000, 0x00000000fc200000, 0x00000000fc200000|100%|HC|  |TAMS 0x00000000fc100000, 0x00000000fc100000| Complete 
|   2|0x00000000fc200000, 0x00000000fc300000, 0x00000000fc300000|100%|HC|  |TAMS 0x00000000fc200000, 0x00000000fc200000| Complete 
|   3|0x00000000fc300000, 0x00000000fc400000, 0x00000000fc400000|100%|HC|  |TAMS 0x00000000fc300000, 0x00000000fc300000| Complete 
|   4|0x00000000fc400000, 0x00000000fc500000, 0x00000000fc500000|100%| O|  |TAMS 0x00000000fc400000, 0x00000000fc400000| Untracked 
|   5|0x00000000fc500000, 0x00000000fc600000, 0x00000000fc600000|100%| O|  |TAMS 0x00000000fc500000, 0x00000000fc500000| Untracked 
|   6|0x00000000fc600000, 0x00000000fc700000, 0x00000000fc700000|100%| O|  |TAMS 0x00000000fc600000, 0x00000000fc600000| Untracked 
|   7|0x00000000fc700000, 0x00000000fc800000, 0x00000000fc800000|100%| O|  |TAMS 0x00000000fc700000, 0x00000000fc700000| Untracked 
|   8|0x00000000fc800000, 0x00000000fc900000, 0x00000000fc900000|100%| O|  |TAMS 0x00000000fc800000, 0x00000000fc800000| Untracked 
|   9|0x00000000fc900000, 0x00000000fca00000, 0x00000000fca00000|100%| O|  |TAMS 0x00000000fc900000, 0x00000000fc900000| Untracked 
|  10|0x00000000fca00000, 0x00000000fcaf7800, 0x00000000fcb00000| 96%| O|  |TAMS 0x00000000fca00000, 0x00000000fca00000| Untracked 
|  11|0x00000000fcb00000, 0x00000000fcb00000, 0x00000000fcc00000|  0%| F|  |TAMS 0x00000000fcb00000, 0x00000000fcb00000| Untracked 
|  12|0x00000000fcc00000, 0x00000000fcc00000, 0x00000000fcd00000|  0%| F|  |TAMS 0x00000000fcc00000, 0x00000000fcc00000| Untracked 
|  13|0x00000000fcd00000, 0x00000000fcd00000, 0x00000000fce00000|  0%| F|  |TAMS 0x00000000fcd00000, 0x00000000fcd00000| Untracked 
|  14|0x00000000fce00000, 0x00000000fce00000, 0x00000000fcf00000|  0%| F|  |TAMS 0x00000000fce00000, 0x00000000fce00000| Untracked 
|  15|0x00000000fcf00000, 0x00000000fcf00000, 0x00000000fd000000|  0%| F|  |TAMS 0x00000000fcf00000, 0x00000000fcf00000| Untracked 
|  16|0x00000000fd000000, 0x00000000fd000000, 0x00000000fd100000|  0%| F|  |TAMS 0x00000000fd000000, 0x00000000fd000000| Untracked 
|  17|0x00000000fd100000, 0x00000000fd100000, 0x00000000fd200000|  0%| F|  |TAMS 0x00000000fd100000, 0x00000000fd100000| Untracked 
|  18|0x00000000fd200000, 0x00000000fd200000, 0x00000000fd300000|  0%| F|  |TAMS 0x00000000fd200000, 0x00000000fd200000| Untracked 
|  19|0x00000000fd300000, 0x00000000fd300000, 0x00000000fd400000|  0%| F|  |TAMS 0x00000000fd300000, 0x00000000fd300000| Untracked 
|  20|0x00000000fd400000, 0x00000000fd400000, 0x00000000fd500000|  0%| F|  |TAMS 0x00000000fd400000, 0x00000000fd400000| Untracked 
|  21|0x00000000fd500000, 0x00000000fd500000, 0x00000000fd600000|  0%| F|  |TAMS 0x00000000fd500000, 0x00000000fd500000| Untracked 
|  22|0x00000000fd600000, 0x00000000fd600000, 0x00000000fd700000|  0%| F|  |TAMS 0x00000000fd600000, 0x00000000fd600000| Untracked 
|  23|0x00000000fd700000, 0x00000000fd700000, 0x00000000fd800000|  0%| F|  |TAMS 0x00000000fd700000, 0x00000000fd700000| Untracked 
|  24|0x00000000fd800000, 0x00000000fd800000, 0x00000000fd900000|  0%| F|  |TAMS 0x00000000fd800000, 0x00000000fd800000| Untracked 
|  25|0x00000000fd900000, 0x00000000fd900000, 0x00000000fda00000|  0%| F|  |TAMS 0x00000000fd900000, 0x00000000fd900000| Untracked 
|  26|0x00000000fda00000, 0x00000000fda00000, 0x00000000fdb00000|  0%| F|  |TAMS 0x00000000fda00000, 0x00000000fda00000| Untracked 
|  27|0x00000000fdb00000, 0x00000000fdb00000, 0x00000000fdc00000|  0%| F|  |TAMS 0x00000000fdb00000, 0x00000000fdb00000| Untracked 
|  28|0x00000000fdc00000, 0x00000000fdc00000, 0x00000000fdd00000|  0%| F|  |TAMS 0x00000000fdc00000, 0x00000000fdc00000| Untracked 
|  29|0x00000000fdd00000, 0x00000000fdd00000, 0x00000000fde00000|  0%| F|  |TAMS 0x00000000fdd00000, 0x00000000fdd00000| Untracked 
|  30|0x00000000fde00000, 0x00000000fde00000, 0x00000000fdf00000|  0%| F|  |TAMS 0x00000000fde00000, 0x00000000fde00000| Untracked 
|  31|0x00000000fdf00000, 0x00000000fdf00000, 0x00000000fe000000|  0%| F|  |TAMS 0x00000000fdf00000, 0x00000000fdf00000| Untracked 
|  32|0x00000000fe000000, 0x00000000fe000000, 0x00000000fe100000|  0%| F|  |TAMS 0x00000000fe000000, 0x00000000fe000000| Untracked 
|  33|0x00000000fe100000, 0x00000000fe100000, 0x00000000fe200000|  0%| F|  |TAMS 0x00000000fe100000, 0x00000000fe100000| Untracked 
|  34|0x00000000fe200000, 0x00000000fe200000, 0x00000000fe300000|  0%| F|  |TAMS 0x00000000fe200000, 0x00000000fe200000| Untracked 
|  35|0x00000000fe300000, 0x00000000fe300000, 0x00000000fe400000|  0%| F|  |TAMS 0x00000000fe300000, 0x00000000fe300000| Untracked 
|  36|0x00000000fe400000, 0x00000000fe400000, 0x00000000fe500000|  0%| F|  |TAMS 0x00000000fe400000, 0x00000000fe400000| Untracked 
|  37|0x00000000fe500000, 0x00000000fe56ace0, 0x00000000fe600000| 41%| S|CS|TAMS 0x00000000fe500000, 0x00000000fe500000| Complete 
|  38|0x00000000fe600000, 0x00000000fe600000, 0x00000000fe700000|  0%| F|  |TAMS 0x00000000fe600000, 0x00000000fe600000| Untracked 
|  39|0x00000000fe700000, 0x00000000fe700000, 0x00000000fe800000|  0%| F|  |TAMS 0x00000000fe700000, 0x00000000fe700000| Untracked 
|  40|0x00000000fe800000, 0x00000000fe800000, 0x00000000fe900000|  0%| F|  |TAMS 0x00000000fe800000, 0x00000000fe800000| Untracked 
|  41|0x00000000fe900000, 0x00000000fea00000, 0x00000000fea00000|100%| S|CS|TAMS 0x00000000fe900000, 0x00000000fe900000| Complete 
|  42|0x00000000fea00000, 0x00000000fea00000, 0x00000000feb00000|  0%| F|  |TAMS 0x00000000fea00000, 0x00000000fea00000| Untracked 
|  43|0x00000000feb00000, 0x00000000feb00000, 0x00000000fec00000|  0%| F|  |TAMS 0x00000000feb00000, 0x00000000feb00000| Untracked 
|  44|0x00000000fec00000, 0x00000000fec00000, 0x00000000fed00000|  0%| F|  |TAMS 0x00000000fec00000, 0x00000000fec00000| Untracked 
|  45|0x00000000fed00000, 0x00000000fed00000, 0x00000000fee00000|  0%| F|  |TAMS 0x00000000fed00000, 0x00000000fed00000| Untracked 
|  46|0x00000000fee00000, 0x00000000fee00000, 0x00000000fef00000|  0%| F|  |TAMS 0x00000000fee00000, 0x00000000fee00000| Untracked 
|  47|0x00000000fef00000, 0x00000000fef00000, 0x00000000ff000000|  0%| F|  |TAMS 0x00000000fef00000, 0x00000000fef00000| Untracked 
|  48|0x00000000ff000000, 0x00000000ff000000, 0x00000000ff100000|  0%| F|  |TAMS 0x00000000ff000000, 0x00000000ff000000| Untracked 
|  49|0x00000000ff100000, 0x00000000ff16cff0, 0x00000000ff200000| 42%| E|  |TAMS 0x00000000ff100000, 0x00000000ff100000| Complete 
|  50|0x00000000ff200000, 0x00000000ff300000, 0x00000000ff300000|100%| E|CS|TAMS 0x00000000ff200000, 0x00000000ff200000| Complete 
|  51|0x00000000ff300000, 0x00000000ff400000, 0x00000000ff400000|100%| E|CS|TAMS 0x00000000ff300000, 0x00000000ff300000| Complete 
|  52|0x00000000ff400000, 0x00000000ff500000, 0x00000000ff500000|100%| E|CS|TAMS 0x00000000ff400000, 0x00000000ff400000| Complete 
|  53|0x00000000ff500000, 0x00000000ff600000, 0x00000000ff600000|100%| E|CS|TAMS 0x00000000ff500000, 0x00000000ff500000| Complete 
|  54|0x00000000ff600000, 0x00000000ff700000, 0x00000000ff700000|100%| E|CS|TAMS 0x00000000ff600000, 0x00000000ff600000| Complete 
|  55|0x00000000ff700000, 0x00000000ff800000, 0x00000000ff800000|100%| E|CS|TAMS 0x00000000ff700000, 0x00000000ff700000| Complete 
|  56|0x00000000ff800000, 0x00000000ff900000, 0x00000000ff900000|100%| E|CS|TAMS 0x00000000ff800000, 0x00000000ff800000| Complete 
|  57|0x00000000ff900000, 0x00000000ffa00000, 0x00000000ffa00000|100%| E|CS|TAMS 0x00000000ff900000, 0x00000000ff900000| Complete 
|  58|0x00000000ffa00000, 0x00000000ffb00000, 0x00000000ffb00000|100%| E|CS|TAMS 0x00000000ffa00000, 0x00000000ffa00000| Complete 
|  59|0x00000000ffb00000, 0x00000000ffc00000, 0x00000000ffc00000|100%| E|CS|TAMS 0x00000000ffb00000, 0x00000000ffb00000| Complete 
|  60|0x00000000ffc00000, 0x00000000ffd00000, 0x00000000ffd00000|100%| E|CS|TAMS 0x00000000ffc00000, 0x00000000ffc00000| Complete 
|  61|0x00000000ffd00000, 0x00000000ffe00000, 0x00000000ffe00000|100%| E|CS|TAMS 0x00000000ffd00000, 0x00000000ffd00000| Complete 
|  62|0x00000000ffe00000, 0x00000000fff00000, 0x00000000fff00000|100%| E|CS|TAMS 0x00000000ffe00000, 0x00000000ffe00000| Complete 
|  63|0x00000000fff00000, 0x0000000100000000, 0x0000000100000000|100%| E|CS|TAMS 0x00000000fff00000, 0x00000000fff00000| Complete 

Card table byte_map: [0x00000269de870000,0x00000269de890000] _byte_map_base: 0x00000269de090000

Marking Bits (Prev, Next): (CMBitMap*) 0x00000269c7018510, (CMBitMap*) 0x00000269c7018550
 Prev Bits: [0x00000269de8b0000, 0x00000269de9b0000)
 Next Bits: [0x00000269de9b0000, 0x00000269deab0000)

Polling page: 0x00000269c57f0000

Metaspace:

Usage:
  Non-class:      8.22 MB used.
      Class:      1.24 MB used.
       Both:      9.46 MB used.

Virtual space:
  Non-class space:       16.00 MB reserved,       8.31 MB ( 52%) committed,  2 nodes.
      Class space:        1.00 GB reserved,       1.31 MB ( <1%) committed,  1 nodes.
             Both:        1.02 GB reserved,       9.62 MB ( <1%) committed. 

Chunk freelists:
   Non-Class:  3.39 MB
       Class:  2.58 MB
        Both:  5.97 MB

MaxMetaspaceSize: unlimited
CompressedClassSpaceSize: 1.00 GB
Initial GC threshold: 21.00 MB
Current GC threshold: 21.00 MB
CDS: on
MetaspaceReclaimPolicy: balanced
 - commit_granule_bytes: 65536.
 - commit_granule_words: 8192.
 - virtual_space_node_default_size: 1048576.
 - enlarge_chunks_in_place: 1.
 - new_chunks_are_fully_committed: 0.
 - uncommit_free_chunks: 1.
 - use_allocation_guard: 0.
 - handle_deallocations: 1.


Internal statistics:

num_allocs_failed_limit: 0.
num_arena_births: 80.
num_arena_deaths: 0.
num_vsnodes_births: 3.
num_vsnodes_deaths: 0.
num_space_committed: 154.
num_space_uncommitted: 0.
num_chunks_returned_to_freelist: 0.
num_chunks_taken_from_freelist: 337.
num_chunk_merges: 0.
num_chunk_splits: 236.
num_chunks_enlarged: 197.
num_purges: 0.
num_inconsistent_stats: 0.

CodeHeap 'non-profiled nmethods': size=119168Kb used=811Kb max_used=811Kb free=118356Kb
 bounds [0x00000269d6440000, 0x00000269d66b0000, 0x00000269dd8a0000]
CodeHeap 'profiled nmethods': size=119104Kb used=3556Kb max_used=3556Kb free=115547Kb
 bounds [0x00000269ce8a0000, 0x00000269cec20000, 0x00000269d5cf0000]
CodeHeap 'non-nmethods': size=7488Kb used=1174Kb max_used=2879Kb free=6313Kb
 bounds [0x00000269d5cf0000, 0x00000269d5fd0000, 0x00000269d6440000]
 total_blobs=2351 nmethods=1881 adapters=383
 compilation: enabled
              stopped_count=0, restarted_count=0
 full_count=0

Compilation events (20 events):
Event: 498.592 Thread 0x00000269e19ca940 nmethod 1872% 0x00000269d6503610 code [0x00000269d65037a0, 0x00000269d6503b98]
Event: 508.692 Thread 0x00000269e19ca940 1873       4       java.util.concurrent.locks.LockSupport::parkNanos (29 bytes)
Event: 508.696 Thread 0x00000269e19ca940 nmethod 1873 0x00000269d6503d10 code [0x00000269d6503ea0, 0x00000269d6504088]
Event: 511.888 Thread 0x00000269e19ca940 1874       4       java.util.ArrayList::remove (26 bytes)
Event: 511.890 Thread 0x00000269e19ca940 nmethod 1874 0x00000269d6504190 code [0x00000269d6504320, 0x00000269d6504558]
Event: 512.277 Thread 0x00000269e19ca940 1875   !   4       org.gradle.internal.logging.console.ThrottlingOutputEventListener::onOutput (85 bytes)
Event: 512.305 Thread 0x00000269e19ca940 nmethod 1875 0x00000269d6504710 code [0x00000269d6504920, 0x00000269d6505438]
Event: 512.305 Thread 0x00000269e19ca940 1876       4       org.gradle.internal.logging.console.AbstractUserInputRenderer::onOutput (74 bytes)
Event: 512.306 Thread 0x00000269e19ca940 nmethod 1876 0x00000269d6505b90 code [0x00000269d6505d40, 0x00000269d6505ea8]
Event: 517.180 Thread 0x00000269e19ca940 1877       4       java.util.concurrent.locks.AbstractQueuedSynchronizer$Node::getAndUnsetStatus (14 bytes)
Event: 517.183 Thread 0x00000269e19ca940 nmethod 1877 0x00000269d6506090 code [0x00000269d6506200, 0x00000269d65062b8]
Event: 521.681 Thread 0x00000269e19ca940 1878       4       java.lang.StringLatin1::trim (76 bytes)
Event: 521.686 Thread 0x00000269e19ca940 nmethod 1878 0x00000269d6506390 code [0x00000269d6506520, 0x00000269d6506688]
Event: 524.889 Thread 0x00000269e19ca940 1879       4       org.gradle.internal.logging.console.BuildStatusRenderer::renderNow (43 bytes)
Event: 524.952 Thread 0x00000269e19ca940 nmethod 1879 0x00000269d6506810 code [0x00000269d6506b40, 0x00000269d65091b0]
Event: 528.592 Thread 0x00000269e19ca940 1880       4       java.util.concurrent.locks.AbstractQueuedSynchronizer::acquire (20 bytes)
Event: 528.594 Thread 0x00000269e19ca940 nmethod 1880 0x00000269d650a810 code [0x00000269d650a980, 0x00000269d650ab18]
Event: 537.733 Thread 0x00000269e19ca940 1881       4       com.google.common.base.Predicates$InstanceOfPredicate::<init> (6 bytes)
Event: 537.735 Thread 0x00000269e19ca940 nmethod 1881 0x00000269d650ac10 code [0x00000269d650ad80, 0x00000269d650aed8]
Event: 537.735 Thread 0x00000269e19ca940 1882       4       org.gradle.internal.logging.console.ProgressBar::formatProgress (328 bytes)

GC Heap History (4 events):
Event: 0.438 GC heap before
{Heap before GC invocations=0 (full 0):
 garbage-first heap   total 65536K, used 26624K [0x00000000fc000000, 0x0000000100000000)
  region size 1024K, 23 young (23552K), 0 survivors (0K)
 Metaspace       used 2241K, committed 2368K, reserved 1056768K
  class space    used 214K, committed 256K, reserved 1048576K
}
Event: 0.443 GC heap after
{Heap after GC invocations=1 (full 0):
 garbage-first heap   total 65536K, used 10984K [0x00000000fc000000, 0x0000000100000000)
  region size 1024K, 3 young (3072K), 3 survivors (3072K)
 Metaspace       used 2241K, committed 2368K, reserved 1056768K
  class space    used 214K, committed 256K, reserved 1048576K
}
Event: 1.034 GC heap before
{Heap before GC invocations=1 (full 0):
 garbage-first heap   total 65536K, used 33512K [0x00000000fc000000, 0x0000000100000000)
  region size 1024K, 25 young (25600K), 3 survivors (3072K)
 Metaspace       used 8167K, committed 8384K, reserved 1056768K
  class space    used 1108K, committed 1216K, reserved 1048576K
}
Event: 1.037 GC heap after
{Heap after GC invocations=2 (full 0):
 garbage-first heap   total 65536K, used 12681K [0x00000000fc000000, 0x0000000100000000)
  region size 1024K, 2 young (2048K), 2 survivors (2048K)
 Metaspace       used 8167K, committed 8384K, reserved 1056768K
  class space    used 1108K, committed 1216K, reserved 1048576K
}

Deoptimization events (20 events):
Event: 399.091 Thread 0x00000269e3c2a030 Uncommon trap: trap_request=0xffffff45 fr.pc=0x00000269d64ce230 relative=0x00000000000004f0
Event: 399.091 Thread 0x00000269e3c2a030 Uncommon trap: reason=unstable_if action=reinterpret pc=0x00000269d64ce230 method=java.lang.AbstractStringBuilder.putStringAt(ILjava/lang/String;II)V @ 8 c2
Event: 399.091 Thread 0x00000269e3c2a030 DEOPT PACKING pc=0x00000269d64ce230 sp=0x000000c2cb5fdf60
Event: 399.091 Thread 0x00000269e3c2a030 DEOPT UNPACKING pc=0x00000269d5d423a3 sp=0x000000c2cb5fde40 mode 2
Event: 399.092 Thread 0x00000269e3c2a030 Uncommon trap: trap_request=0xffffff45 fr.pc=0x00000269d64c8aec relative=0x00000000000003cc
Event: 399.092 Thread 0x00000269e3c2a030 Uncommon trap: reason=unstable_if action=reinterpret pc=0x00000269d64c8aec method=java.lang.AbstractStringBuilder.isLatin1()Z @ 10 c2
Event: 399.092 Thread 0x00000269e3c2a030 DEOPT PACKING pc=0x00000269d64c8aec sp=0x000000c2cb5fe330
Event: 399.092 Thread 0x00000269e3c2a030 DEOPT UNPACKING pc=0x00000269d5d423a3 sp=0x000000c2cb5fe2a8 mode 2
Event: 399.092 Thread 0x00000269e3c2a030 Uncommon trap: trap_request=0xffffff45 fr.pc=0x00000269d645d2fc relative=0x000000000000025c
Event: 399.092 Thread 0x00000269e3c2a030 Uncommon trap: reason=unstable_if action=reinterpret pc=0x00000269d645d2fc method=java.lang.String.getChars(II[CI)V @ 23 c2
Event: 399.092 Thread 0x00000269e3c2a030 DEOPT PACKING pc=0x00000269d645d2fc sp=0x000000c2cb5fe230
Event: 399.092 Thread 0x00000269e3c2a030 DEOPT UNPACKING pc=0x00000269d5d423a3 sp=0x000000c2cb5fe1c8 mode 2
Event: 399.095 Thread 0x00000269e3c2a030 Uncommon trap: trap_request=0xffffff45 fr.pc=0x00000269d6477ccc relative=0x000000000000012c
Event: 399.095 Thread 0x00000269e3c2a030 Uncommon trap: reason=unstable_if action=reinterpret pc=0x00000269d6477ccc method=java.lang.AbstractStringBuilder.putStringAt(ILjava/lang/String;II)V @ 8 c2
Event: 399.095 Thread 0x00000269e3c2a030 DEOPT PACKING pc=0x00000269d6477ccc sp=0x000000c2cb5fde90
Event: 399.095 Thread 0x00000269e3c2a030 DEOPT UNPACKING pc=0x00000269d5d423a3 sp=0x000000c2cb5fddd8 mode 2
Event: 399.095 Thread 0x00000269e3c2a030 Uncommon trap: trap_request=0xffffff45 fr.pc=0x00000269d64784d8 relative=0x0000000000000138
Event: 399.095 Thread 0x00000269e3c2a030 Uncommon trap: reason=unstable_if action=reinterpret pc=0x00000269d64784d8 method=java.lang.AbstractStringBuilder.putStringAt(ILjava/lang/String;II)V @ 8 c2
Event: 399.095 Thread 0x00000269e3c2a030 DEOPT PACKING pc=0x00000269d64784d8 sp=0x000000c2cb5fde10
Event: 399.095 Thread 0x00000269e3c2a030 DEOPT UNPACKING pc=0x00000269d5d423a3 sp=0x000000c2cb5fddd8 mode 2

Classes unloaded (0 events):
No events

Classes redefined (0 events):
No events

Internal exceptions (20 events):
Event: 0.114 Thread 0x00000269c6ff2770 Exception <a 'java/lang/NoSuchMethodError'{0x00000000ffcfa300}: 'int java.lang.invoke.DirectMethodHandle$Holder.invokeStaticInit(java.lang.Object, java.lang.Object)'> (0x00000000ffcfa300) 
thrown [s\open\src\hotspot\share\interpreter\linkResolver.cpp, line 759]
Event: 0.586 Thread 0x00000269c6ff2770 Exception <a 'java/lang/NoSuchMethodError'{0x00000000ffa0a0d0}: 'void java.lang.invoke.DirectMethodHandle$Holder.invokeStatic(java.lang.Object, java.lang.Object)'> (0x00000000ffa0a0d0) 
thrown [s\open\src\hotspot\share\interpreter\linkResolver.cpp, line 759]
Event: 0.599 Thread 0x00000269c6ff2770 Exception <a 'java/lang/NoClassDefFoundError'{0x00000000ffa85cb0}: org/slf4j/impl/StaticMarkerBinder> (0x00000000ffa85cb0) 
thrown [s\open\src\hotspot\share\classfile\systemDictionary.cpp, line 245]
Event: 0.609 Thread 0x00000269c6ff2770 Exception <a 'java/lang/NoSuchMethodError'{0x00000000ffaf7870}: 'java.lang.Object java.lang.invoke.DirectMethodHandle$Holder.invokeVirtual(java.lang.Object, java.lang.Object, java.lang.Object)'> (0x00000000ffaf7870) 
thrown [s\open\src\hotspot\share\interpreter\linkResolver.cpp, line 759]
Event: 0.617 Thread 0x00000269c6ff2770 Exception <a 'java/lang/NoSuchMethodError'{0x00000000ff940528}: 'java.lang.Object java.lang.invoke.DirectMethodHandle$Holder.invokeVirtual(java.lang.Object, java.lang.Object, java.lang.Object, java.lang.Object, java.lang.Object, java.lang.Object, java.lang.Object)'> (0x00000000ff940528) 
thrown [s\open\src\hotspot\share\interpreter\linkResolver.cpp, line 759]
Event: 0.619 Thread 0x00000269c6ff2770 Exception <a 'java/lang/NoSuchMethodError'{0x00000000ff951e28}: 'java.lang.Object java.lang.invoke.Invokers$Holder.invoker(java.lang.Object, java.lang.Object, java.lang.Object)'> (0x00000000ff951e28) 
thrown [s\open\src\hotspot\share\interpreter\linkResolver.cpp, line 759]
Event: 0.620 Thread 0x00000269c6ff2770 Exception <a 'java/lang/NoSuchMethodError'{0x00000000ff95ad18}: 'java.lang.Object java.lang.invoke.DirectMethodHandle$Holder.invokeStatic(java.lang.Object, java.lang.Object, int)'> (0x00000000ff95ad18) 
thrown [s\open\src\hotspot\share\interpreter\linkResolver.cpp, line 759]
Event: 0.621 Thread 0x00000269c6ff2770 Exception <a 'java/lang/NoSuchMethodError'{0x00000000ff966a08}: 'void java.lang.invoke.DelegatingMethodHandle$Holder.delegate(java.lang.Object, java.lang.Object, int, java.lang.Object)'> (0x00000000ff966a08) 
thrown [s\open\src\hotspot\share\interpreter\linkResolver.cpp, line 759]
Event: 0.622 Thread 0x00000269c6ff2770 Exception <a 'java/lang/NoSuchMethodError'{0x00000000ff96ab50}: 'int java.lang.invoke.DirectMethodHandle$Holder.invokeSpecial(java.lang.Object, java.lang.Object, java.lang.Object)'> (0x00000000ff96ab50) 
thrown [s\open\src\hotspot\share\interpreter\linkResolver.cpp, line 759]
Event: 0.624 Thread 0x00000269c6ff2770 Exception <a 'java/lang/NoSuchMethodError'{0x00000000ff97ded8}: 'java.lang.Object java.lang.invoke.Invokers$Holder.invokeExact_MT(java.lang.Object, java.lang.Object, java.lang.Object, java.lang.Object)'> (0x00000000ff97ded8) 
thrown [s\open\src\hotspot\share\interpreter\linkResolver.cpp, line 759]
Event: 0.751 Thread 0x00000269c6ff2770 Exception <a 'java/lang/NoSuchMethodError'{0x00000000ff21f5c8}: 'void java.lang.invoke.DirectMethodHandle$Holder.invokeSpecial(java.lang.Object, java.lang.Object, java.lang.Object)'> (0x00000000ff21f5c8) 
thrown [s\open\src\hotspot\share\interpreter\linkResolver.cpp, line 759]
Event: 0.760 Thread 0x00000269c6ff2770 Implicit null exception at 0x00000269d649502c to 0x00000269d6495478
Event: 0.760 Thread 0x00000269c6ff2770 Implicit null exception at 0x00000269d647d1ac to 0x00000269d647d5e8
Event: 0.774 Thread 0x00000269c6ff2770 Exception <a 'java/lang/NoSuchMethodError'{0x00000000ff192688}: 'java.lang.Object java.lang.invoke.DirectMethodHandle$Holder.invokeStaticInit(java.lang.Object)'> (0x00000000ff192688) 
thrown [s\open\src\hotspot\share\interpreter\linkResolver.cpp, line 759]
Event: 0.792 Thread 0x00000269c6ff2770 Exception <a 'java/lang/NoSuchMethodError'{0x00000000ff03e278}: 'int java.lang.invoke.DirectMethodHandle$Holder.invokeVirtual(java.lang.Object, java.lang.Object, java.lang.Object)'> (0x00000000ff03e278) 
thrown [s\open\src\hotspot\share\interpreter\linkResolver.cpp, line 759]
Event: 0.852 Thread 0x00000269c6ff2770 Exception <a 'java/lang/NoSuchMethodError'{0x00000000feb66570}: 'java.lang.Object java.lang.invoke.DirectMethodHandle$Holder.invokeStaticInit(java.lang.Object, int, int, int, int)'> (0x00000000feb66570) 
thrown [s\open\src\hotspot\share\interpreter\linkResolver.cpp, line 759]
Event: 0.888 Thread 0x00000269c6ff2770 Exception <a 'java/lang/NoSuchMethodError'{0x00000000febf7c70}: 'java.lang.Object java.lang.invoke.DirectMethodHandle$Holder.invokeStaticInit(java.lang.Object, java.lang.Object, int, int, int, int)'> (0x00000000febf7c70) 
thrown [s\open\src\hotspot\share\interpreter\linkResolver.cpp, line 759]
Event: 1.014 Thread 0x00000269c6ff2770 Exception <a 'java/lang/NoSuchMethodError'{0x00000000fea29180}: 'void java.lang.invoke.DirectMethodHandle$Holder.invokeStatic(java.lang.Object, java.lang.Object, java.lang.Object)'> (0x00000000fea29180) 
thrown [s\open\src\hotspot\share\interpreter\linkResolver.cpp, line 759]
Event: 1.031 Thread 0x00000269c6ff2770 Implicit null exception at 0x00000269d6478d72 to 0x00000269d647933c
Event: 1.033 Thread 0x00000269c6ff2770 Implicit null exception at 0x00000269d647c272 to 0x00000269d647c84c

VM Operations (20 events):
Event: 322.010 Executing VM operation: Cleanup
Event: 322.011 Executing VM operation: Cleanup done
Event: 323.020 Executing VM operation: Cleanup
Event: 323.021 Executing VM operation: Cleanup done
Event: 336.109 Executing VM operation: Cleanup
Event: 336.109 Executing VM operation: Cleanup done
Event: 337.117 Executing VM operation: Cleanup
Event: 337.117 Executing VM operation: Cleanup done
Event: 390.543 Executing VM operation: Cleanup
Event: 390.545 Executing VM operation: Cleanup done
Event: 391.549 Executing VM operation: Cleanup
Event: 391.549 Executing VM operation: Cleanup done
Event: 399.615 Executing VM operation: Cleanup
Event: 399.615 Executing VM operation: Cleanup done
Event: 456.094 Executing VM operation: Cleanup
Event: 456.094 Executing VM operation: Cleanup done
Event: 486.315 Executing VM operation: Cleanup
Event: 486.316 Executing VM operation: Cleanup done
Event: 512.573 Executing VM operation: Cleanup
Event: 512.574 Executing VM operation: Cleanup done

Events (20 events):
Event: 1.277 loading class jdk/internal/reflect/Label done
Event: 1.277 loading class jdk/internal/reflect/Label$PatchInfo
Event: 1.277 loading class jdk/internal/reflect/Label$PatchInfo done
Event: 1.277 loading class jdk/internal/reflect/MethodAccessorGenerator$1
Event: 1.277 loading class jdk/internal/reflect/MethodAccessorGenerator$1 done
Event: 1.277 loading class jdk/internal/reflect/ClassDefiner
Event: 1.277 loading class jdk/internal/reflect/ClassDefiner done
Event: 1.277 loading class jdk/internal/reflect/ClassDefiner$1
Event: 1.277 loading class jdk/internal/reflect/ClassDefiner$1 done
Event: 1.385 loading class java/util/ArrayList$ListItr
Event: 1.386 loading class java/util/ArrayList$ListItr done
Event: 3.277 Thread 0x00000269e3c2a570 Thread exited: 0x00000269e3c2a570
Event: 4.287 Thread 0x00000269e2481420 Thread exited: 0x00000269e2481420
Event: 6.477 Thread 0x00000269e247ef00 Thread exited: 0x00000269e247ef00
Event: 39.081 Thread 0x00000269e3c4ad90 Thread added: 0x00000269e3c4ad90
Event: 39.081 Thread 0x00000269e3c4b2a0 Thread added: 0x00000269e3c4b2a0
Event: 39.081 Thread 0x00000269e3c4b7b0 Thread added: 0x00000269e3c4b7b0
Event: 39.785 Thread 0x00000269e3c4b7b0 Thread exited: 0x00000269e3c4b7b0
Event: 39.785 Thread 0x00000269e3c4b2a0 Thread exited: 0x00000269e3c4b2a0
Event: 44.794 Thread 0x00000269e3c4ad90 Thread exited: 0x00000269e3c4ad90


Dynamic libraries:
0x00007ff602240000 - 0x00007ff602250000 	C:\Program Files\Java\jdk-17\bin\java.exe
0x00007ff8ee000000 - 0x00007ff8ee263000 	C:\WINDOWS\SYSTEM32\ntdll.dll
0x00007ff8ed530000 - 0x00007ff8ed5f7000 	C:\WINDOWS\System32\KERNEL32.DLL
0x00007ff8eb870000 - 0x00007ff8ebc39000 	C:\WINDOWS\System32\KERNELBASE.dll
0x00007ff8eb6f0000 - 0x00007ff8eb83c000 	C:\WINDOWS\System32\ucrtbase.dll
0x00007ff8df450000 - 0x00007ff8df469000 	C:\Program Files\Java\jdk-17\bin\jli.dll
0x00007ff8de9f0000 - 0x00007ff8dea0b000 	C:\Program Files\Java\jdk-17\bin\VCRUNTIME140.dll
0x00007ff8edcf0000 - 0x00007ff8edda2000 	C:\WINDOWS\System32\ADVAPI32.dll
0x00007ff8ece30000 - 0x00007ff8eced9000 	C:\WINDOWS\System32\msvcrt.dll
0x00007ff8ecd80000 - 0x00007ff8ece26000 	C:\WINDOWS\System32\sechost.dll
0x00007ff8ed3b0000 - 0x00007ff8ed4c6000 	C:\WINDOWS\System32\RPCRT4.dll
0x00007ff8ecee0000 - 0x00007ff8ed0aa000 	C:\WINDOWS\System32\USER32.dll
0x00007ff8dca20000 - 0x00007ff8dccb0000 	C:\WINDOWS\WinSxS\amd64_microsoft.windows.common-controls_6595b64144ccf1df_6.0.26100.3323_none_3e088096e3344490\COMCTL32.dll
0x00007ff8eb840000 - 0x00007ff8eb867000 	C:\WINDOWS\System32\win32u.dll
0x00007ff8ec8b0000 - 0x00007ff8ec8da000 	C:\WINDOWS\System32\GDI32.dll
0x00007ff8ebce0000 - 0x00007ff8ebe11000 	C:\WINDOWS\System32\gdi32full.dll
0x00007ff8eb4d0000 - 0x00007ff8eb573000 	C:\WINDOWS\System32\msvcp_win.dll
0x00007ff8e37f0000 - 0x00007ff8e37fb000 	C:\WINDOWS\SYSTEM32\VERSION.dll
0x00007ff8ec7a0000 - 0x00007ff8ec7cf000 	C:\WINDOWS\System32\IMM32.DLL
0x00007ff8df440000 - 0x00007ff8df44c000 	C:\Program Files\Java\jdk-17\bin\vcruntime140_1.dll
0x00007ff8d3e60000 - 0x00007ff8d3eee000 	C:\Program Files\Java\jdk-17\bin\msvcp140.dll
0x00007ff813690000 - 0x00007ff81426d000 	C:\Program Files\Java\jdk-17\bin\server\jvm.dll
0x00007ff8ec650000 - 0x00007ff8ec658000 	C:\WINDOWS\System32\PSAPI.DLL
0x00007ff8dbda0000 - 0x00007ff8dbdaa000 	C:\WINDOWS\SYSTEM32\WSOCK32.dll
0x00007ff8e37b0000 - 0x00007ff8e37e6000 	C:\WINDOWS\SYSTEM32\WINMM.dll
0x00007ff8edf40000 - 0x00007ff8edfb4000 	C:\WINDOWS\System32\WS2_32.dll
0x00007ff8e9f80000 - 0x00007ff8e9f9a000 	C:\WINDOWS\SYSTEM32\kernel.appcore.dll
0x00007ff8de9e0000 - 0x00007ff8de9ea000 	C:\Program Files\Java\jdk-17\bin\jimage.dll
0x00007ff8e8c20000 - 0x00007ff8e8e61000 	C:\WINDOWS\SYSTEM32\DBGHELP.DLL
0x00007ff8ed780000 - 0x00007ff8edb02000 	C:\WINDOWS\System32\combase.dll
0x00007ff8ede40000 - 0x00007ff8edf16000 	C:\WINDOWS\System32\OLEAUT32.dll
0x00007ff8b75d0000 - 0x00007ff8b7609000 	C:\WINDOWS\SYSTEM32\dbgcore.DLL
0x00007ff8ebc40000 - 0x00007ff8ebcd9000 	C:\WINDOWS\System32\bcryptPrimitives.dll
0x00007ff8da430000 - 0x00007ff8da455000 	C:\Program Files\Java\jdk-17\bin\java.dll
0x00007ff8c3950000 - 0x00007ff8c3a27000 	C:\Program Files\Java\jdk-17\bin\jsvml.dll
0x00007ff8ebf20000 - 0x00007ff8ec635000 	C:\WINDOWS\System32\SHELL32.dll
0x00007ff8eb580000 - 0x00007ff8eb6e8000 	C:\WINDOWS\System32\wintypes.dll
0x00007ff8e8ea0000 - 0x00007ff8e96e5000 	C:\WINDOWS\SYSTEM32\windows.storage.dll
0x00007ff8ebe20000 - 0x00007ff8ebf0b000 	C:\WINDOWS\System32\SHCORE.dll
0x00007ff8edde0000 - 0x00007ff8ede3d000 	C:\WINDOWS\System32\shlwapi.dll
0x00007ff8eb110000 - 0x00007ff8eb13f000 	C:\WINDOWS\SYSTEM32\profapi.dll
0x00007ff8dc660000 - 0x00007ff8dc679000 	C:\Program Files\Java\jdk-17\bin\net.dll
0x00007ff8e0b50000 - 0x00007ff8e0c6e000 	C:\WINDOWS\SYSTEM32\WINHTTP.dll
0x00007ff8ea4e0000 - 0x00007ff8ea54a000 	C:\WINDOWS\system32\mswsock.dll
0x00007ff8da410000 - 0x00007ff8da426000 	C:\Program Files\Java\jdk-17\bin\nio.dll
0x00007ff8d99e0000 - 0x00007ff8d99f8000 	C:\Program Files\Java\jdk-17\bin\zip.dll
0x00007ff8d99d0000 - 0x00007ff8d99e0000 	C:\Program Files\Java\jdk-17\bin\verify.dll
0x00007ff89e480000 - 0x00007ff89e4a7000 	C:\Users\Fritz Trede\.gradle\native\c067742578af261105cb4f569cf0c3c89f3d7b1fecec35dd04571415982c5e48\windows-amd64\native-platform.dll
0x00007ff8e7fe0000 - 0x00007ff8e7fea000 	C:\Users\Fritz Trede\.gradle\native\jansi\1.18\windows64\jansi.dll
0x00007ff8d99b0000 - 0x00007ff8d99ba000 	C:\Program Files\Java\jdk-17\bin\management.dll
0x00007ff8d9130000 - 0x00007ff8d913b000 	C:\Program Files\Java\jdk-17\bin\management_ext.dll
0x00007ff8ea890000 - 0x00007ff8ea8ac000 	C:\WINDOWS\SYSTEM32\CRYPTSP.dll
0x00007ff8e9f40000 - 0x00007ff8e9f7a000 	C:\WINDOWS\system32\rsaenh.dll
0x00007ff8ea580000 - 0x00007ff8ea5ab000 	C:\WINDOWS\SYSTEM32\USERENV.dll
0x00007ff8eaa20000 - 0x00007ff8eaa46000 	C:\WINDOWS\SYSTEM32\bcrypt.dll
0x00007ff8ea710000 - 0x00007ff8ea71c000 	C:\WINDOWS\SYSTEM32\CRYPTBASE.dll
0x00007ff8e9a50000 - 0x00007ff8e9a83000 	C:\WINDOWS\SYSTEM32\IPHLPAPI.DLL
0x00007ff8ec640000 - 0x00007ff8ec64a000 	C:\WINDOWS\System32\NSI.dll
0x00007ff8e3f20000 - 0x00007ff8e3f3f000 	C:\WINDOWS\SYSTEM32\dhcpcsvc6.DLL
0x00007ff8e3ef0000 - 0x00007ff8e3f15000 	C:\WINDOWS\SYSTEM32\dhcpcsvc.DLL
0x00007ff8e9af0000 - 0x00007ff8e9c15000 	C:\WINDOWS\SYSTEM32\DNSAPI.dll
0x00007ff8d9110000 - 0x00007ff8d911d000 	C:\Program Files\Java\jdk-17\bin\sunmscapi.dll
0x00007ff8eb350000 - 0x00007ff8eb4c7000 	C:\WINDOWS\System32\CRYPT32.dll
0x00007ff8ea9e0000 - 0x00007ff8eaa10000 	C:\WINDOWS\SYSTEM32\ncrypt.dll
0x00007ff8ea990000 - 0x00007ff8ea9cf000 	C:\WINDOWS\SYSTEM32\NTASN1.dll
0x00007ff8d1de0000 - 0x00007ff8d1de8000 	C:\WINDOWS\system32\wshunix.dll

dbghelp: loaded successfully - version: 4.0.5 - missing functions: none
symbol engine: initialized successfully - sym options: 0x614 - pdb path: .;C:\Program Files\Java\jdk-17\bin;C:\WINDOWS\SYSTEM32;C:\WINDOWS\WinSxS\amd64_microsoft.windows.common-controls_6595b64144ccf1df_6.0.26100.3323_none_3e088096e3344490;C:\Program Files\Java\jdk-17\bin\server;C:\Users\Fritz Trede\.gradle\native\c067742578af261105cb4f569cf0c3c89f3d7b1fecec35dd04571415982c5e48\windows-amd64;C:\Users\Fritz Trede\.gradle\native\jansi\1.18\windows64

VM Arguments:
jvm_args: -Xmx64m -Xms64m -Dorg.gradle.appname=gradlew 
java_command: org.gradle.wrapper.GradleWrapperMain clean build
java_class_path (initial): C:\Users\Fritz Trede\git\generalizing-smt-solutions-fm4se\\gradle\wrapper\gradle-wrapper.jar
Launcher Type: SUN_STANDARD

[Global flags]
     intx CICompilerCount                          = 12                                        {product} {ergonomic}
     uint ConcGCThreads                            = 3                                         {product} {ergonomic}
     uint G1ConcRefinementThreads                  = 13                                        {product} {ergonomic}
   size_t G1HeapRegionSize                         = 1048576                                   {product} {ergonomic}
    uintx GCDrainStackTargetSize                   = 64                                        {product} {ergonomic}
   size_t InitialHeapSize                          = 67108864                                  {product} {command line}
   size_t MarkStackSize                            = 4194304                                   {product} {ergonomic}
   size_t MaxHeapSize                              = 67108864                                  {product} {command line}
   size_t MaxNewSize                               = 39845888                                  {product} {ergonomic}
   size_t MinHeapDeltaBytes                        = 1048576                                   {product} {ergonomic}
   size_t MinHeapSize                              = 67108864                                  {product} {command line}
    uintx NonNMethodCodeHeapSize                   = 7602480                                {pd product} {ergonomic}
    uintx NonProfiledCodeHeapSize                  = 122027880                              {pd product} {ergonomic}
    uintx ProfiledCodeHeapSize                     = 122027880                              {pd product} {ergonomic}
    uintx ReservedCodeCacheSize                    = 251658240                              {pd product} {ergonomic}
     bool SegmentedCodeCache                       = true                                      {product} {ergonomic}
   size_t SoftMaxHeapSize                          = 67108864                               {manageable} {ergonomic}
     bool UseCompressedClassPointers               = true                           {product lp64_product} {ergonomic}
     bool UseCompressedOops                        = true                           {product lp64_product} {ergonomic}
     bool UseG1GC                                  = true                                      {product} {ergonomic}
     bool UseLargePagesIndividualAllocation        = false                                  {pd product} {ergonomic}

Logging:
Log output configuration:
 #0: stdout all=warning uptime,level,tags
 #1: stderr all=off uptime,level,tags

Environment Variables:
JAVA_HOME=C:\Program Files\Java\jdk-17
CLASSPATH=C:\Users\Fritz Trede\git\generalizing-smt-solutions-fm4se\\gradle\wrapper\gradle-wrapper.jar
PATH=C:\Program Files\Common Files\Oracle\Java\javapath;C:\WINDOWS\system32;C:\WINDOWS;C:\WINDOWS\System32\Wbem;C:\WINDOWS\System32\WindowsPowerShell\v1.0\;C:\WINDOWS\System32\OpenSSH\;C:\Program Files\MATLAB\R2022b\bin;C:\Program Files\Microsoft SQL Server\120\Tools\Binn\;C:\Program Files\Common Files\Autodesk Shared\;C:\Program Files\Git\cmd;C:\Program Files\dotnet\;C:\Users\Fritz Trede\Downloads\apache-maven-3.8.8-bin\apache-maven-3.8.8\bin;C:\Program Files\Java\jdk-17\bin;C:\Program Files\Pandoc\;C:\Users\Fritz Trede\z3-4.8.9-x64-win\bin;C:\Users\Fritz Trede\AppData\Local\Microsoft\WindowsApps;C:\Users\Fritz Trede\AppData\Local\Programs\Microsoft VS Code\bin;C:\Users\Fritz Trede\AppData\Local\GitHubDesktop\bin;C:\Users\Fritz Trede\.dotnet\tools;C:\Users\Fritz Trede\AppData\Local\Programs\cursor\resources\app\bin
USERNAME=Fritz Trede
LANG=en_US.UTF-8
OS=Windows_NT
PROCESSOR_IDENTIFIER=AMD64 Family 23 Model 96 Stepping 1, AuthenticAMD



---------------  S Y S T E M  ---------------

OS:
 Windows 11 , 64 bit Build 26100 (10.0.26100.3323)
OS uptime: 0 days 12:52 hours
Hyper-V role detected

CPU: total 16 (initial active 16) (16 cores per cpu, 2 threads per core) family 23 model 96 stepping 1 microcode 0x860010c, cx8, cmov, fxsr, ht, mmx, 3dnowpref, sse, sse2, sse3, ssse3, sse4a, sse4.1, sse4.2, popcnt, lzcnt, tsc, tscinvbit, avx, avx2, aes, clmul, bmi1, bmi2, adx, sha, fma, vzeroupper, clflush, clflushopt, hv

Memory: 4k page, system-wide physical 15591M (353M free)
TotalPageFile size 62695M (AvailPageFile size 3M)
current process WorkingSet (physical memory assigned to process): 34M, peak: 105M
current process commit charge ("private bytes"): 188M, peak: 190M

vm_info: Java HotSpot(TM) 64-Bit Server VM (17.0.7+8-LTS-224) for windows-amd64 JRE (17.0.7+8-LTS-224), built on Feb 28 2023 23:03:02 by "mach5one" with MS VC++ 17.1 (VS2022)

END.
