#
# There is insufficient memory for the Java Runtime Environment to continue.
# Native memory allocation (malloc) failed to allocate 264896 bytes for Chunk::new
# Possible reasons:
#   The system is out of physical RAM or swap space
#   The process is running with CompressedOops enabled, and the Java Heap may be blocking the growth of the native heap
# Possible solutions:
#   Reduce memory load on the system
#   Increase physical memory or swap space
#   Check if swap backing store is full
#   Decrease Java heap size (-Xmx/-Xms)
#   Decrease number of Java threads
#   Decrease Java thread stack sizes (-Xss)
#   Set larger code cache with -XX:ReservedCodeCacheSize=
#   JVM is running with Unscaled Compressed Oops mode in which the Java heap is
#     placed in the first 4GB address space. The Java Heap base address is the
#     maximum limit for the native heap growth. Please use -XX:HeapBaseMinAddress
#     to set the Java Heap base and to place the Java Heap above 4GB virtual address.
# This output file may be truncated or incomplete.
#
#  Out of Memory Error (arena.cpp:189), pid=3508, tid=3584
#
# JRE version: Java(TM) SE Runtime Environment (17.0.7+8) (build 17.0.7+8-LTS-224)
# Java VM: Java HotSpot(TM) 64-Bit Server VM (17.0.7+8-LTS-224, mixed mode, sharing, tiered, compressed oops, compressed class ptrs, g1 gc, windows-amd64)
# No core dump will be written. Minidumps are not enabled by default on client versions of Windows
#

---------------  S U M M A R Y ------------

Command Line: -Xmx64m -Xms64m -Dorg.gradle.appname=gradlew org.gradle.wrapper.GradleWrapperMain clean build

Host: AMD Ryzen 7 PRO 4750U with Radeon Graphics, 16 cores, 15G,  Windows 11 , 64 bit Build 26100 (10.0.26100.3323)
Time: Fri Mar 14 21:46:11 2025 Mitteleuropäische Zeit elapsed time: 318.630846 seconds (0d 0h 5m 18s)

---------------  T H R E A D  ---------------

Current thread (0x00000221bfcf7a20):  JavaThread "C2 CompilerThread0" daemon [_thread_in_native, id=3584, stack(0x0000004489500000,0x0000004489600000)]


Current CompileTask:
C2: 318630 1830       4       org.fusesource.jansi.Ansi::flushAttributes (94 bytes)

Stack: [0x0000004489500000,0x0000004489600000]
Native frames: (J=compiled Java code, j=interpreted, Vv=VM code, C=native code)
V  [jvm.dll+0x676a4a]
V  [jvm.dll+0x7d74f4]
V  [jvm.dll+0x7d8c9e]
V  [jvm.dll+0x7d9303]
V  [jvm.dll+0x2452c5]
V  [jvm.dll+0xaaa2b]
V  [jvm.dll+0xaafcc]
V  [jvm.dll+0x2aac2f]
V  [jvm.dll+0x57f375]
V  [jvm.dll+0x2205f2]
V  [jvm.dll+0x2209cf]
V  [jvm.dll+0x219926]
V  [jvm.dll+0x216df9]
V  [jvm.dll+0x1a35e0]
V  [jvm.dll+0x226a6e]
V  [jvm.dll+0x224e15]
V  [jvm.dll+0x78d05c]
V  [jvm.dll+0x78759a]
V  [jvm.dll+0x675875]
C  [ucrtbase.dll+0x37b0]
C  [KERNEL32.DLL+0x2e8d7]
C  [ntdll.dll+0xbbf6c]


---------------  P R O C E S S  ---------------

Threads class SMR info:
_java_thread_list=0x00000221c1de25d0, length=15, elements={
0x00000221a5ab2080, 0x00000221bfcd0d40, 0x00000221bfcd18f0, 0x00000221bfcf1e20,
0x00000221bfcf38f0, 0x00000221bfcf43b0, 0x00000221bfcf6d80, 0x00000221bfcf7a20,
0x00000221bfcf83d0, 0x00000221bfcfccf0, 0x00000221c089f900, 0x00000221c08a5df0,
0x00000221c15e3bb0, 0x00000221c15e4080, 0x00000221c15e1530
}

Java Threads: ( => current thread )
  0x00000221a5ab2080 JavaThread "main" [_thread_in_native, id=19584, stack(0x0000004488800000,0x0000004488900000)]
  0x00000221bfcd0d40 JavaThread "Reference Handler" daemon [_thread_blocked, id=23848, stack(0x0000004488f00000,0x0000004489000000)]
  0x00000221bfcd18f0 JavaThread "Finalizer" daemon [_thread_blocked, id=10704, stack(0x0000004489000000,0x0000004489100000)]
  0x00000221bfcf1e20 JavaThread "Signal Dispatcher" daemon [_thread_blocked, id=4320, stack(0x0000004489100000,0x0000004489200000)]
  0x00000221bfcf38f0 JavaThread "Attach Listener" daemon [_thread_blocked, id=20720, stack(0x0000004489200000,0x0000004489300000)]
  0x00000221bfcf43b0 JavaThread "Service Thread" daemon [_thread_blocked, id=17936, stack(0x0000004489300000,0x0000004489400000)]
  0x00000221bfcf6d80 JavaThread "Monitor Deflation Thread" daemon [_thread_blocked, id=27640, stack(0x0000004489400000,0x0000004489500000)]
=>0x00000221bfcf7a20 JavaThread "C2 CompilerThread0" daemon [_thread_in_native, id=3584, stack(0x0000004489500000,0x0000004489600000)]
  0x00000221bfcf83d0 JavaThread "C1 CompilerThread0" daemon [_thread_blocked, id=1436, stack(0x0000004489600000,0x0000004489700000)]
  0x00000221bfcfccf0 JavaThread "Sweeper thread" daemon [_thread_blocked, id=20712, stack(0x0000004489700000,0x0000004489800000)]
  0x00000221c089f900 JavaThread "Notification Thread" daemon [_thread_blocked, id=29836, stack(0x0000004489900000,0x0000004489a00000)]
  0x00000221c08a5df0 JavaThread "Common-Cleaner" daemon [_thread_blocked, id=10236, stack(0x0000004489b00000,0x0000004489c00000)]
  0x00000221c15e3bb0 JavaThread "pool-1-thread-1" [_thread_blocked, id=19336, stack(0x000000448a400000,0x000000448a500000)]
  0x00000221c15e4080 JavaThread "DisconnectableInputStream source reader" daemon [_thread_in_native, id=10916, stack(0x000000448a600000,0x000000448a700000)]
  0x00000221c15e1530 JavaThread "Forward input" [_thread_blocked, id=21572, stack(0x000000448a700000,0x000000448a800000)]

Other Threads:
  0x00000221bfcc8e90 VMThread "VM Thread" [stack: 0x0000004488e00000,0x0000004488f00000] [id=11936]
  0x00000221a5ae6e10 WatcherThread [stack: 0x0000004489a00000,0x0000004489b00000] [id=12436]
  0x00000221a5ad56b0 GCTaskThread "GC Thread#0" [stack: 0x0000004488900000,0x0000004488a00000] [id=32660]
  0x00000221c0d43bc0 GCTaskThread "GC Thread#1" [stack: 0x000000448a000000,0x000000448a100000] [id=6428]
  0x00000221c10e8660 GCTaskThread "GC Thread#2" [stack: 0x000000448a100000,0x000000448a200000] [id=22244]
  0x00000221c12f6cc0 GCTaskThread "GC Thread#3" [stack: 0x000000448a200000,0x000000448a300000] [id=888]
  0x00000221c1a21f90 GCTaskThread "GC Thread#4" [stack: 0x0000004489d00000,0x0000004489e00000] [id=18536]
  0x00000221c1a214d0 GCTaskThread "GC Thread#5" [stack: 0x0000004489e00000,0x0000004489f00000] [id=27296]
  0x00000221c1a22240 GCTaskThread "GC Thread#6" [stack: 0x0000004489f00000,0x000000448a000000] [id=23428]
  0x00000221a5ad7e00 ConcurrentGCThread "G1 Main Marker" [stack: 0x0000004488a00000,0x0000004488b00000] [id=27828]
  0x00000221a5ad9820 ConcurrentGCThread "G1 Conc#0" [stack: 0x0000004488b00000,0x0000004488c00000] [id=20972]
  0x00000221a5b69390 ConcurrentGCThread "G1 Refine#0" [stack: 0x0000004488c00000,0x0000004488d00000] [id=30048]
  0x00000221a5b69c50 ConcurrentGCThread "G1 Service" [stack: 0x0000004488d00000,0x0000004488e00000] [id=4404]

Threads with active compile tasks:
C2 CompilerThread0   318664 1830       4       org.fusesource.jansi.Ansi::flushAttributes (94 bytes)

VM state: not at safepoint (normal execution)

VM Mutex/Monitor currently owned by a thread: None

Heap address: 0x00000000fc000000, size: 64 MB, Compressed Oops mode: 32-bit

CDS archive(s) mapped at: [0x0000000800000000-0x0000000800bd0000-0x0000000800bd0000), size 12386304, SharedBaseAddress: 0x0000000800000000, ArchiveRelocationMode: 0.
Compressed class space mapped at: 0x0000000800c00000-0x0000000840c00000, reserved size: 1073741824
Narrow klass base: 0x0000000800000000, Narrow klass shift: 0, Narrow klass range: 0x100000000

GC Precious Log:
 CPUs: 16 total, 16 available
 Memory: 15591M
 Large Page Support: Disabled
 NUMA Support: Disabled
 Compressed Oops: Enabled (32-bit)
 Heap Region Size: 1M
 Heap Min Capacity: 64M
 Heap Initial Capacity: 64M
 Heap Max Capacity: 64M
 Pre-touch: Disabled
 Parallel Workers: 13
 Concurrent Workers: 3
 Concurrent Refinement Workers: 13
 Periodic GC: Disabled

Heap:
 garbage-first heap   total 65536K, used 22565K [0x00000000fc000000, 0x0000000100000000)
  region size 1024K, 13 young (13312K), 2 survivors (2048K)
 Metaspace       used 9673K, committed 9856K, reserved 1064960K
  class space    used 1269K, committed 1344K, reserved 1048576K

Heap Regions: E=young(eden), S=young(survivor), O=old, HS=humongous(starts), HC=humongous(continues), CS=collection set, F=free, OA=open archive, CA=closed archive, TAMS=top-at-mark-start (previous, next)
|   0|0x00000000fc000000, 0x00000000fc100000, 0x00000000fc100000|100%|HS|  |TAMS 0x00000000fc000000, 0x00000000fc000000| Complete 
|   1|0x00000000fc100000, 0x00000000fc200000, 0x00000000fc200000|100%|HC|  |TAMS 0x00000000fc100000, 0x00000000fc100000| Complete 
|   2|0x00000000fc200000, 0x00000000fc300000, 0x00000000fc300000|100%|HC|  |TAMS 0x00000000fc200000, 0x00000000fc200000| Complete 
|   3|0x00000000fc300000, 0x00000000fc400000, 0x00000000fc400000|100%|HC|  |TAMS 0x00000000fc300000, 0x00000000fc300000| Complete 
|   4|0x00000000fc400000, 0x00000000fc500000, 0x00000000fc500000|100%| O|  |TAMS 0x00000000fc400000, 0x00000000fc400000| Untracked 
|   5|0x00000000fc500000, 0x00000000fc600000, 0x00000000fc600000|100%| O|  |TAMS 0x00000000fc500000, 0x00000000fc500000| Untracked 
|   6|0x00000000fc600000, 0x00000000fc700000, 0x00000000fc700000|100%| O|  |TAMS 0x00000000fc600000, 0x00000000fc600000| Untracked 
|   7|0x00000000fc700000, 0x00000000fc800000, 0x00000000fc800000|100%| O|  |TAMS 0x00000000fc700000, 0x00000000fc700000| Untracked 
|   8|0x00000000fc800000, 0x00000000fc900000, 0x00000000fc900000|100%| O|  |TAMS 0x00000000fc800000, 0x00000000fc800000| Untracked 
|   9|0x00000000fc900000, 0x00000000fca00000, 0x00000000fca00000|100%| O|  |TAMS 0x00000000fc900000, 0x00000000fc900000| Untracked 
|  10|0x00000000fca00000, 0x00000000fcaa5600, 0x00000000fcb00000| 64%| O|  |TAMS 0x00000000fca00000, 0x00000000fca00000| Untracked 
|  11|0x00000000fcb00000, 0x00000000fcb00000, 0x00000000fcc00000|  0%| F|  |TAMS 0x00000000fcb00000, 0x00000000fcb00000| Untracked 
|  12|0x00000000fcc00000, 0x00000000fcc00000, 0x00000000fcd00000|  0%| F|  |TAMS 0x00000000fcc00000, 0x00000000fcc00000| Untracked 
|  13|0x00000000fcd00000, 0x00000000fcd00000, 0x00000000fce00000|  0%| F|  |TAMS 0x00000000fcd00000, 0x00000000fcd00000| Untracked 
|  14|0x00000000fce00000, 0x00000000fce00000, 0x00000000fcf00000|  0%| F|  |TAMS 0x00000000fce00000, 0x00000000fce00000| Untracked 
|  15|0x00000000fcf00000, 0x00000000fcf00000, 0x00000000fd000000|  0%| F|  |TAMS 0x00000000fcf00000, 0x00000000fcf00000| Untracked 
|  16|0x00000000fd000000, 0x00000000fd000000, 0x00000000fd100000|  0%| F|  |TAMS 0x00000000fd000000, 0x00000000fd000000| Untracked 
|  17|0x00000000fd100000, 0x00000000fd100000, 0x00000000fd200000|  0%| F|  |TAMS 0x00000000fd100000, 0x00000000fd100000| Untracked 
|  18|0x00000000fd200000, 0x00000000fd200000, 0x00000000fd300000|  0%| F|  |TAMS 0x00000000fd200000, 0x00000000fd200000| Untracked 
|  19|0x00000000fd300000, 0x00000000fd300000, 0x00000000fd400000|  0%| F|  |TAMS 0x00000000fd300000, 0x00000000fd300000| Untracked 
|  20|0x00000000fd400000, 0x00000000fd400000, 0x00000000fd500000|  0%| F|  |TAMS 0x00000000fd400000, 0x00000000fd400000| Untracked 
|  21|0x00000000fd500000, 0x00000000fd500000, 0x00000000fd600000|  0%| F|  |TAMS 0x00000000fd500000, 0x00000000fd500000| Untracked 
|  22|0x00000000fd600000, 0x00000000fd600000, 0x00000000fd700000|  0%| F|  |TAMS 0x00000000fd600000, 0x00000000fd600000| Untracked 
|  23|0x00000000fd700000, 0x00000000fd700000, 0x00000000fd800000|  0%| F|  |TAMS 0x00000000fd700000, 0x00000000fd700000| Untracked 
|  24|0x00000000fd800000, 0x00000000fd800000, 0x00000000fd900000|  0%| F|  |TAMS 0x00000000fd800000, 0x00000000fd800000| Untracked 
|  25|0x00000000fd900000, 0x00000000fd900000, 0x00000000fda00000|  0%| F|  |TAMS 0x00000000fd900000, 0x00000000fd900000| Untracked 
|  26|0x00000000fda00000, 0x00000000fda00000, 0x00000000fdb00000|  0%| F|  |TAMS 0x00000000fda00000, 0x00000000fda00000| Untracked 
|  27|0x00000000fdb00000, 0x00000000fdb00000, 0x00000000fdc00000|  0%| F|  |TAMS 0x00000000fdb00000, 0x00000000fdb00000| Untracked 
|  28|0x00000000fdc00000, 0x00000000fdc00000, 0x00000000fdd00000|  0%| F|  |TAMS 0x00000000fdc00000, 0x00000000fdc00000| Untracked 
|  29|0x00000000fdd00000, 0x00000000fdd00000, 0x00000000fde00000|  0%| F|  |TAMS 0x00000000fdd00000, 0x00000000fdd00000| Untracked 
|  30|0x00000000fde00000, 0x00000000fde00000, 0x00000000fdf00000|  0%| F|  |TAMS 0x00000000fde00000, 0x00000000fde00000| Untracked 
|  31|0x00000000fdf00000, 0x00000000fdf00000, 0x00000000fe000000|  0%| F|  |TAMS 0x00000000fdf00000, 0x00000000fdf00000| Untracked 
|  32|0x00000000fe000000, 0x00000000fe000000, 0x00000000fe100000|  0%| F|  |TAMS 0x00000000fe000000, 0x00000000fe000000| Untracked 
|  33|0x00000000fe100000, 0x00000000fe100000, 0x00000000fe200000|  0%| F|  |TAMS 0x00000000fe100000, 0x00000000fe100000| Untracked 
|  34|0x00000000fe200000, 0x00000000fe200000, 0x00000000fe300000|  0%| F|  |TAMS 0x00000000fe200000, 0x00000000fe200000| Untracked 
|  35|0x00000000fe300000, 0x00000000fe300000, 0x00000000fe400000|  0%| F|  |TAMS 0x00000000fe300000, 0x00000000fe300000| Untracked 
|  36|0x00000000fe400000, 0x00000000fe400000, 0x00000000fe500000|  0%| F|  |TAMS 0x00000000fe400000, 0x00000000fe400000| Untracked 
|  37|0x00000000fe500000, 0x00000000fe563ee8, 0x00000000fe600000| 39%| S|CS|TAMS 0x00000000fe500000, 0x00000000fe500000| Complete 
|  38|0x00000000fe600000, 0x00000000fe600000, 0x00000000fe700000|  0%| F|  |TAMS 0x00000000fe600000, 0x00000000fe600000| Untracked 
|  39|0x00000000fe700000, 0x00000000fe700000, 0x00000000fe800000|  0%| F|  |TAMS 0x00000000fe700000, 0x00000000fe700000| Untracked 
|  40|0x00000000fe800000, 0x00000000fe800000, 0x00000000fe900000|  0%| F|  |TAMS 0x00000000fe800000, 0x00000000fe800000| Untracked 
|  41|0x00000000fe900000, 0x00000000fea00000, 0x00000000fea00000|100%| S|CS|TAMS 0x00000000fe900000, 0x00000000fe900000| Complete 
|  42|0x00000000fea00000, 0x00000000fea00000, 0x00000000feb00000|  0%| F|  |TAMS 0x00000000fea00000, 0x00000000fea00000| Untracked 
|  43|0x00000000feb00000, 0x00000000feb00000, 0x00000000fec00000|  0%| F|  |TAMS 0x00000000feb00000, 0x00000000feb00000| Untracked 
|  44|0x00000000fec00000, 0x00000000fec00000, 0x00000000fed00000|  0%| F|  |TAMS 0x00000000fec00000, 0x00000000fec00000| Untracked 
|  45|0x00000000fed00000, 0x00000000fed00000, 0x00000000fee00000|  0%| F|  |TAMS 0x00000000fed00000, 0x00000000fed00000| Untracked 
|  46|0x00000000fee00000, 0x00000000fee00000, 0x00000000fef00000|  0%| F|  |TAMS 0x00000000fee00000, 0x00000000fee00000| Untracked 
|  47|0x00000000fef00000, 0x00000000fef00000, 0x00000000ff000000|  0%| F|  |TAMS 0x00000000fef00000, 0x00000000fef00000| Untracked 
|  48|0x00000000ff000000, 0x00000000ff000000, 0x00000000ff100000|  0%| F|  |TAMS 0x00000000ff000000, 0x00000000ff000000| Untracked 
|  49|0x00000000ff100000, 0x00000000ff100000, 0x00000000ff200000|  0%| F|  |TAMS 0x00000000ff100000, 0x00000000ff100000| Untracked 
|  50|0x00000000ff200000, 0x00000000ff200000, 0x00000000ff300000|  0%| F|  |TAMS 0x00000000ff200000, 0x00000000ff200000| Untracked 
|  51|0x00000000ff300000, 0x00000000ff300000, 0x00000000ff400000|  0%| F|  |TAMS 0x00000000ff300000, 0x00000000ff300000| Untracked 
|  52|0x00000000ff400000, 0x00000000ff400000, 0x00000000ff500000|  0%| F|  |TAMS 0x00000000ff400000, 0x00000000ff400000| Untracked 
|  53|0x00000000ff500000, 0x00000000ff56cd40, 0x00000000ff600000| 42%| E|  |TAMS 0x00000000ff500000, 0x00000000ff500000| Complete 
|  54|0x00000000ff600000, 0x00000000ff700000, 0x00000000ff700000|100%| E|CS|TAMS 0x00000000ff600000, 0x00000000ff600000| Complete 
|  55|0x00000000ff700000, 0x00000000ff800000, 0x00000000ff800000|100%| E|CS|TAMS 0x00000000ff700000, 0x00000000ff700000| Complete 
|  56|0x00000000ff800000, 0x00000000ff900000, 0x00000000ff900000|100%| E|CS|TAMS 0x00000000ff800000, 0x00000000ff800000| Complete 
|  57|0x00000000ff900000, 0x00000000ffa00000, 0x00000000ffa00000|100%| E|CS|TAMS 0x00000000ff900000, 0x00000000ff900000| Complete 
|  58|0x00000000ffa00000, 0x00000000ffb00000, 0x00000000ffb00000|100%| E|CS|TAMS 0x00000000ffa00000, 0x00000000ffa00000| Complete 
|  59|0x00000000ffb00000, 0x00000000ffc00000, 0x00000000ffc00000|100%| E|CS|TAMS 0x00000000ffb00000, 0x00000000ffb00000| Complete 
|  60|0x00000000ffc00000, 0x00000000ffd00000, 0x00000000ffd00000|100%| E|CS|TAMS 0x00000000ffc00000, 0x00000000ffc00000| Complete 
|  61|0x00000000ffd00000, 0x00000000ffe00000, 0x00000000ffe00000|100%| E|CS|TAMS 0x00000000ffd00000, 0x00000000ffd00000| Complete 
|  62|0x00000000ffe00000, 0x00000000fff00000, 0x00000000fff00000|100%| E|CS|TAMS 0x00000000ffe00000, 0x00000000ffe00000| Complete 
|  63|0x00000000fff00000, 0x0000000100000000, 0x0000000100000000|100%| E|CS|TAMS 0x00000000fff00000, 0x00000000fff00000| Complete 

Card table byte_map: [0x00000221a5220000,0x00000221a5240000] _byte_map_base: 0x00000221a4a40000

Marking Bits (Prev, Next): (CMBitMap*) 0x00000221a5ad5cc0, (CMBitMap*) 0x00000221a5ad5d00
 Prev Bits: [0x00000221bcbc0000, 0x00000221bccc0000)
 Next Bits: [0x00000221bccc0000, 0x00000221bcdc0000)

Polling page: 0x00000221a37e0000

Metaspace:

Usage:
  Non-class:      8.21 MB used.
      Class:      1.24 MB used.
       Both:      9.45 MB used.

Virtual space:
  Non-class space:       16.00 MB reserved,       8.31 MB ( 52%) committed,  2 nodes.
      Class space:        1.00 GB reserved,       1.31 MB ( <1%) committed,  1 nodes.
             Both:        1.02 GB reserved,       9.62 MB ( <1%) committed. 

Chunk freelists:
   Non-Class:  3.41 MB
       Class:  2.58 MB
        Both:  5.98 MB

MaxMetaspaceSize: unlimited
CompressedClassSpaceSize: 1.00 GB
Initial GC threshold: 21.00 MB
Current GC threshold: 21.00 MB
CDS: on
MetaspaceReclaimPolicy: balanced
 - commit_granule_bytes: 65536.
 - commit_granule_words: 8192.
 - virtual_space_node_default_size: 1048576.
 - enlarge_chunks_in_place: 1.
 - new_chunks_are_fully_committed: 0.
 - uncommit_free_chunks: 1.
 - use_allocation_guard: 0.
 - handle_deallocations: 1.


Internal statistics:

num_allocs_failed_limit: 0.
num_arena_births: 80.
num_arena_deaths: 0.
num_vsnodes_births: 3.
num_vsnodes_deaths: 0.
num_space_committed: 154.
num_space_uncommitted: 0.
num_chunks_returned_to_freelist: 0.
num_chunks_taken_from_freelist: 342.
num_chunk_merges: 0.
num_chunk_splits: 236.
num_chunks_enlarged: 199.
num_purges: 0.
num_inconsistent_stats: 0.

CodeHeap 'non-profiled nmethods': size=119168Kb used=734Kb max_used=734Kb free=118433Kb
 bounds [0x00000221b4ed0000, 0x00000221b5140000, 0x00000221bc330000]
CodeHeap 'profiled nmethods': size=119104Kb used=3459Kb max_used=3459Kb free=115644Kb
 bounds [0x00000221ad330000, 0x00000221ad6a0000, 0x00000221b4780000]
CodeHeap 'non-nmethods': size=7488Kb used=1172Kb max_used=2877Kb free=6316Kb
 bounds [0x00000221b4780000, 0x00000221b4a60000, 0x00000221b4ed0000]
 total_blobs=2296 nmethods=1826 adapters=383
 compilation: enabled
              stopped_count=0, restarted_count=0
 full_count=0

Compilation events (20 events):
Event: 267.078 Thread 0x00000221bfcf7a20 nmethod 1820 0x00000221b4f83310 code [0x00000221b4f834a0, 0x00000221b4f83878]
Event: 269.270 Thread 0x00000221bfcf7a20 1821       4       java.util.concurrent.locks.ReentrantLock$Sync::isHeldExclusively (16 bytes)
Event: 269.271 Thread 0x00000221bfcf7a20 nmethod 1821 0x00000221b4f83a10 code [0x00000221b4f83b80, 0x00000221b4f83c38]
Event: 276.076 Thread 0x00000221bfcf7a20 1822       4       java.util.AbstractList::equals (117 bytes)
Event: 276.095 Thread 0x00000221bfcf7a20 nmethod 1822 0x00000221b4f83d10 code [0x00000221b4f83f60, 0x00000221b4f849f8]
Event: 282.177 Thread 0x00000221bfcf83d0 1824       3       java.util.ArrayList::equalsArrayList (108 bytes)
Event: 282.179 Thread 0x00000221bfcf83d0 nmethod 1824 0x00000221ad68ea10 code [0x00000221ad68ec20, 0x00000221ad68f388]
Event: 282.179 Thread 0x00000221bfcf83d0 1823       3       com.google.common.collect.Lists::newArrayList (28 bytes)
Event: 282.180 Thread 0x00000221bfcf83d0 nmethod 1823 0x00000221ad68f690 code [0x00000221ad68f880, 0x00000221ad68fd98]
Event: 285.173 Thread 0x00000221bfcf7a20 1825       4       java.lang.String::toLowerCase (29 bytes)
Event: 286.218 Thread 0x00000221bfcf7a20 nmethod 1825 0x00000221b4f85410 code [0x00000221b4f855c0, 0x00000221b4f85e18]
Event: 287.166 Thread 0x00000221bfcf7a20 1826       4       java.lang.Integer::stringSize (47 bytes)
Event: 287.168 Thread 0x00000221bfcf7a20 nmethod 1826 0x00000221b4f86290 code [0x00000221b4f86400, 0x00000221b4f864d8]
Event: 293.180 Thread 0x00000221bfcf83d0 1827       3       sun.nio.cs.StreamEncoder::writeBytes (139 bytes)
Event: 293.254 Thread 0x00000221bfcf83d0 nmethod 1827 0x00000221ad68ff90 code [0x00000221ad690200, 0x00000221ad690bf8]
Event: 300.872 Thread 0x00000221bfcf7a20 1828       4       java.lang.Long::stringSize (55 bytes)
Event: 300.873 Thread 0x00000221bfcf7a20 nmethod 1828 0x00000221b4f86590 code [0x00000221b4f86700, 0x00000221b4f868d8]
Event: 301.763 Thread 0x00000221bfcf7a20 1829       4       java.lang.AbstractStringBuilder::append (60 bytes)
Event: 301.775 Thread 0x00000221bfcf7a20 nmethod 1829 0x00000221b4f86990 code [0x00000221b4f86b40, 0x00000221b4f87448]
Event: 315.563 Thread 0x00000221bfcf7a20 1830       4       org.fusesource.jansi.Ansi::flushAttributes (94 bytes)

GC Heap History (4 events):
Event: 0.429 GC heap before
{Heap before GC invocations=0 (full 0):
 garbage-first heap   total 65536K, used 26624K [0x00000000fc000000, 0x0000000100000000)
  region size 1024K, 23 young (23552K), 0 survivors (0K)
 Metaspace       used 2244K, committed 2368K, reserved 1056768K
  class space    used 216K, committed 256K, reserved 1048576K
}
Event: 0.434 GC heap after
{Heap after GC invocations=1 (full 0):
 garbage-first heap   total 65536K, used 10740K [0x00000000fc000000, 0x0000000100000000)
  region size 1024K, 3 young (3072K), 3 survivors (3072K)
 Metaspace       used 2244K, committed 2368K, reserved 1056768K
  class space    used 216K, committed 256K, reserved 1048576K
}
Event: 1.025 GC heap before
{Heap before GC invocations=1 (full 0):
 garbage-first heap   total 65536K, used 33268K [0x00000000fc000000, 0x0000000100000000)
  region size 1024K, 25 young (25600K), 3 survivors (3072K)
 Metaspace       used 8062K, committed 8256K, reserved 1056768K
  class space    used 1097K, committed 1152K, reserved 1048576K
}
Event: 1.029 GC heap after
{Heap after GC invocations=2 (full 0):
 garbage-first heap   total 65536K, used 12325K [0x00000000fc000000, 0x0000000100000000)
  region size 1024K, 2 young (2048K), 2 survivors (2048K)
 Metaspace       used 8062K, committed 8256K, reserved 1056768K
  class space    used 1097K, committed 1152K, reserved 1048576K
}

Deoptimization events (20 events):
Event: 0.844 Thread 0x00000221a5ab2080 Uncommon trap: trap_request=0xffffffc6 fr.pc=0x00000221b4f4dbac relative=0x000000000000054c
Event: 0.844 Thread 0x00000221a5ab2080 Uncommon trap: reason=bimorphic_or_optimized_type_check action=maybe_recompile pc=0x00000221b4f4dbac method=java.util.concurrent.ConcurrentHashMap.get(Ljava/lang/Object;)Ljava/lang/Object; @ 149 c2
Event: 0.844 Thread 0x00000221a5ab2080 DEOPT PACKING pc=0x00000221b4f4dbac sp=0x00000044888fbad0
Event: 0.844 Thread 0x00000221a5ab2080 DEOPT UNPACKING pc=0x00000221b47d23a3 sp=0x00000044888fba70 mode 2
Event: 1.035 Thread 0x00000221a5ab2080 Uncommon trap: trap_request=0xffffff45 fr.pc=0x00000221b4f0cdd8 relative=0x0000000000000618
Event: 1.035 Thread 0x00000221a5ab2080 Uncommon trap: reason=unstable_if action=reinterpret pc=0x00000221b4f0cdd8 method=java.lang.AbstractStringBuilder.append(Ljava/lang/String;)Ljava/lang/AbstractStringBuilder; @ 1 c2
Event: 1.035 Thread 0x00000221a5ab2080 DEOPT PACKING pc=0x00000221b4f0cdd8 sp=0x00000044888fc810
Event: 1.035 Thread 0x00000221a5ab2080 DEOPT UNPACKING pc=0x00000221b47d23a3 sp=0x00000044888fc790 mode 2
Event: 1.037 Thread 0x00000221a5ab2080 Uncommon trap: trap_request=0xffffff45 fr.pc=0x00000221b4f10668 relative=0x0000000000000628
Event: 1.037 Thread 0x00000221a5ab2080 Uncommon trap: reason=unstable_if action=reinterpret pc=0x00000221b4f10668 method=java.lang.AbstractStringBuilder.append(Ljava/lang/String;)Ljava/lang/AbstractStringBuilder; @ 1 c2
Event: 1.037 Thread 0x00000221a5ab2080 DEOPT PACKING pc=0x00000221b4f10668 sp=0x00000044888fc820
Event: 1.037 Thread 0x00000221a5ab2080 DEOPT UNPACKING pc=0x00000221b47d23a3 sp=0x00000044888fc7f8 mode 2
Event: 1.100 Thread 0x00000221a5ab2080 Uncommon trap: trap_request=0xffffff45 fr.pc=0x00000221b4f2ee70 relative=0x0000000000000410
Event: 1.100 Thread 0x00000221a5ab2080 Uncommon trap: reason=unstable_if action=reinterpret pc=0x00000221b4f2ee70 method=java.util.regex.Matcher.match(II)Z @ 76 c2
Event: 1.100 Thread 0x00000221a5ab2080 DEOPT PACKING pc=0x00000221b4f2ee70 sp=0x00000044888fbae0
Event: 1.100 Thread 0x00000221a5ab2080 DEOPT UNPACKING pc=0x00000221b47d23a3 sp=0x00000044888fba98 mode 2
Event: 11.439 Thread 0x00000221a5ab2080 Uncommon trap: trap_request=0xffffffc6 fr.pc=0x00000221b4f4dbac relative=0x000000000000054c
Event: 11.439 Thread 0x00000221a5ab2080 Uncommon trap: reason=bimorphic_or_optimized_type_check action=maybe_recompile pc=0x00000221b4f4dbac method=java.util.concurrent.ConcurrentHashMap.get(Ljava/lang/Object;)Ljava/lang/Object; @ 149 c2
Event: 11.439 Thread 0x00000221a5ab2080 DEOPT PACKING pc=0x00000221b4f4dbac sp=0x00000044888fcae0
Event: 11.439 Thread 0x00000221a5ab2080 DEOPT UNPACKING pc=0x00000221b47d23a3 sp=0x00000044888fca70 mode 2

Classes unloaded (0 events):
No events

Classes redefined (0 events):
No events

Internal exceptions (20 events):
Event: 0.108 Thread 0x00000221a5ab2080 Exception <a 'java/lang/NoSuchMethodError'{0x00000000ffcf9a90}: 'int java.lang.invoke.DirectMethodHandle$Holder.invokeStaticInit(java.lang.Object, java.lang.Object)'> (0x00000000ffcf9a90) 
thrown [s\open\src\hotspot\share\interpreter\linkResolver.cpp, line 759]
Event: 0.588 Thread 0x00000221a5ab2080 Exception <a 'java/lang/NoSuchMethodError'{0x00000000ffa5cf58}: 'void java.lang.invoke.DirectMethodHandle$Holder.invokeStatic(java.lang.Object, java.lang.Object)'> (0x00000000ffa5cf58) 
thrown [s\open\src\hotspot\share\interpreter\linkResolver.cpp, line 759]
Event: 0.603 Thread 0x00000221a5ab2080 Exception <a 'java/lang/NoClassDefFoundError'{0x00000000ffad8e00}: org/slf4j/impl/StaticMarkerBinder> (0x00000000ffad8e00) 
thrown [s\open\src\hotspot\share\classfile\systemDictionary.cpp, line 245]
Event: 0.613 Thread 0x00000221a5ab2080 Exception <a 'java/lang/NoSuchMethodError'{0x00000000ff94c538}: 'java.lang.Object java.lang.invoke.DirectMethodHandle$Holder.invokeVirtual(java.lang.Object, java.lang.Object, java.lang.Object)'> (0x00000000ff94c538) 
thrown [s\open\src\hotspot\share\interpreter\linkResolver.cpp, line 759]
Event: 0.618 Thread 0x00000221a5ab2080 Exception <a 'java/lang/NoSuchMethodError'{0x00000000ff994448}: 'java.lang.Object java.lang.invoke.DirectMethodHandle$Holder.invokeVirtual(java.lang.Object, java.lang.Object, java.lang.Object, java.lang.Object, java.lang.Object, java.lang.Object, java.lang.Object)'> (0x00000000ff994448) 
thrown [s\open\src\hotspot\share\interpreter\linkResolver.cpp, line 759]
Event: 0.620 Thread 0x00000221a5ab2080 Exception <a 'java/lang/NoSuchMethodError'{0x00000000ff9a5a58}: 'java.lang.Object java.lang.invoke.Invokers$Holder.invoker(java.lang.Object, java.lang.Object, java.lang.Object)'> (0x00000000ff9a5a58) 
thrown [s\open\src\hotspot\share\interpreter\linkResolver.cpp, line 759]
Event: 0.621 Thread 0x00000221a5ab2080 Exception <a 'java/lang/NoSuchMethodError'{0x00000000ff9ae948}: 'java.lang.Object java.lang.invoke.DirectMethodHandle$Holder.invokeStatic(java.lang.Object, java.lang.Object, int)'> (0x00000000ff9ae948) 
thrown [s\open\src\hotspot\share\interpreter\linkResolver.cpp, line 759]
Event: 0.622 Thread 0x00000221a5ab2080 Exception <a 'java/lang/NoSuchMethodError'{0x00000000ff9ba638}: 'void java.lang.invoke.DelegatingMethodHandle$Holder.delegate(java.lang.Object, java.lang.Object, int, java.lang.Object)'> (0x00000000ff9ba638) 
thrown [s\open\src\hotspot\share\interpreter\linkResolver.cpp, line 759]
Event: 0.623 Thread 0x00000221a5ab2080 Exception <a 'java/lang/NoSuchMethodError'{0x00000000ff9be780}: 'int java.lang.invoke.DirectMethodHandle$Holder.invokeSpecial(java.lang.Object, java.lang.Object, java.lang.Object)'> (0x00000000ff9be780) 
thrown [s\open\src\hotspot\share\interpreter\linkResolver.cpp, line 759]
Event: 0.625 Thread 0x00000221a5ab2080 Exception <a 'java/lang/NoSuchMethodError'{0x00000000ff9d18c8}: 'java.lang.Object java.lang.invoke.Invokers$Holder.invokeExact_MT(java.lang.Object, java.lang.Object, java.lang.Object, java.lang.Object)'> (0x00000000ff9d18c8) 
thrown [s\open\src\hotspot\share\interpreter\linkResolver.cpp, line 759]
Event: 0.738 Thread 0x00000221a5ab2080 Exception <a 'java/lang/NoSuchMethodError'{0x00000000ff2807e0}: 'void java.lang.invoke.DirectMethodHandle$Holder.invokeSpecial(java.lang.Object, java.lang.Object, java.lang.Object)'> (0x00000000ff2807e0) 
thrown [s\open\src\hotspot\share\interpreter\linkResolver.cpp, line 759]
Event: 0.746 Thread 0x00000221a5ab2080 Implicit null exception at 0x00000221b4f229ac to 0x00000221b4f22dfc
Event: 0.746 Thread 0x00000221a5ab2080 Implicit null exception at 0x00000221b4f10cac to 0x00000221b4f110e8
Event: 0.760 Thread 0x00000221a5ab2080 Exception <a 'java/lang/NoSuchMethodError'{0x00000000ff1f3990}: 'java.lang.Object java.lang.invoke.DirectMethodHandle$Holder.invokeStaticInit(java.lang.Object)'> (0x00000000ff1f3990) 
thrown [s\open\src\hotspot\share\interpreter\linkResolver.cpp, line 759]
Event: 0.780 Thread 0x00000221a5ab2080 Exception <a 'java/lang/NoSuchMethodError'{0x00000000ff09f740}: 'int java.lang.invoke.DirectMethodHandle$Holder.invokeVirtual(java.lang.Object, java.lang.Object, java.lang.Object)'> (0x00000000ff09f740) 
thrown [s\open\src\hotspot\share\interpreter\linkResolver.cpp, line 759]
Event: 0.840 Thread 0x00000221a5ab2080 Exception <a 'java/lang/NoSuchMethodError'{0x00000000febbff58}: 'java.lang.Object java.lang.invoke.DirectMethodHandle$Holder.invokeStaticInit(java.lang.Object, int, int, int, int)'> (0x00000000febbff58) 
thrown [s\open\src\hotspot\share\interpreter\linkResolver.cpp, line 759]
Event: 0.878 Thread 0x00000221a5ab2080 Exception <a 'java/lang/NoSuchMethodError'{0x00000000fea4adb0}: 'java.lang.Object java.lang.invoke.DirectMethodHandle$Holder.invokeStaticInit(java.lang.Object, java.lang.Object, int, int, int, int)'> (0x00000000fea4adb0) 
thrown [s\open\src\hotspot\share\interpreter\linkResolver.cpp, line 759]
Event: 1.016 Thread 0x00000221a5ab2080 Exception <a 'java/lang/NoSuchMethodError'{0x00000000fea7cbb8}: 'void java.lang.invoke.DirectMethodHandle$Holder.invokeStatic(java.lang.Object, java.lang.Object, java.lang.Object)'> (0x00000000fea7cbb8) 
thrown [s\open\src\hotspot\share\interpreter\linkResolver.cpp, line 759]
Event: 1.035 Thread 0x00000221a5ab2080 Implicit null exception at 0x00000221b4f0c7f2 to 0x00000221b4f0cdc0
Event: 1.037 Thread 0x00000221a5ab2080 Implicit null exception at 0x00000221b4f10072 to 0x00000221b4f10650

VM Operations (20 events):
Event: 138.417 Executing VM operation: Cleanup
Event: 138.418 Executing VM operation: Cleanup done
Event: 142.449 Executing VM operation: Cleanup
Event: 142.449 Executing VM operation: Cleanup done
Event: 172.731 Executing VM operation: Cleanup
Event: 172.731 Executing VM operation: Cleanup done
Event: 173.746 Executing VM operation: Cleanup
Event: 173.746 Executing VM operation: Cleanup done
Event: 226.184 Executing VM operation: Cleanup
Event: 226.185 Executing VM operation: Cleanup done
Event: 236.270 Executing VM operation: Cleanup
Event: 236.271 Executing VM operation: Cleanup done
Event: 239.303 Executing VM operation: Cleanup
Event: 239.303 Executing VM operation: Cleanup done
Event: 260.437 Executing VM operation: Cleanup
Event: 260.437 Executing VM operation: Cleanup done
Event: 267.484 Executing VM operation: Cleanup
Event: 267.484 Executing VM operation: Cleanup done
Event: 269.493 Executing VM operation: Cleanup
Event: 269.494 Executing VM operation: Cleanup done

Events (20 events):
Event: 1.195 loading class jdk/internal/reflect/Label done
Event: 1.195 loading class jdk/internal/reflect/Label$PatchInfo
Event: 1.195 loading class jdk/internal/reflect/Label$PatchInfo done
Event: 1.195 loading class jdk/internal/reflect/MethodAccessorGenerator$1
Event: 1.195 loading class jdk/internal/reflect/MethodAccessorGenerator$1 done
Event: 1.195 loading class jdk/internal/reflect/ClassDefiner
Event: 1.195 loading class jdk/internal/reflect/ClassDefiner done
Event: 1.195 loading class jdk/internal/reflect/ClassDefiner$1
Event: 1.195 loading class jdk/internal/reflect/ClassDefiner$1 done
Event: 1.275 loading class java/util/ArrayList$ListItr
Event: 1.275 loading class java/util/ArrayList$ListItr done
Event: 1.976 Thread 0x00000221c2778010 Thread exited: 0x00000221c2778010
Event: 2.662 Thread 0x00000221c098bbd0 Thread exited: 0x00000221c098bbd0
Event: 4.065 Thread 0x00000221c0884d30 Thread exited: 0x00000221c0884d30
Event: 39.079 Thread 0x00000221c1e93270 Thread added: 0x00000221c1e93270
Event: 39.079 Thread 0x00000221c1e93780 Thread added: 0x00000221c1e93780
Event: 39.079 Thread 0x00000221c1e93c90 Thread added: 0x00000221c1e93c90
Event: 42.577 Thread 0x00000221c1e93780 Thread exited: 0x00000221c1e93780
Event: 42.577 Thread 0x00000221c1e93c90 Thread exited: 0x00000221c1e93c90
Event: 50.584 Thread 0x00000221c1e93270 Thread exited: 0x00000221c1e93270


Dynamic libraries:
0x00007ff640240000 - 0x00007ff640250000 	C:\Program Files\Java\jdk-17\bin\java.exe
0x00007ffacc540000 - 0x00007ffacc7a3000 	C:\WINDOWS\SYSTEM32\ntdll.dll
0x00007ffacb8f0000 - 0x00007ffacb9b7000 	C:\WINDOWS\System32\KERNEL32.DLL
0x00007ffac9740000 - 0x00007ffac9b09000 	C:\WINDOWS\System32\KERNELBASE.dll
0x00007ffac9b40000 - 0x00007ffac9c8c000 	C:\WINDOWS\System32\ucrtbase.dll
0x00007ffabfc00000 - 0x00007ffabfc19000 	C:\Program Files\Java\jdk-17\bin\jli.dll
0x00007ffacc440000 - 0x00007ffacc4f2000 	C:\WINDOWS\System32\ADVAPI32.dll
0x00007ffac6560000 - 0x00007ffac657b000 	C:\Program Files\Java\jdk-17\bin\VCRUNTIME140.dll
0x00007ffacad00000 - 0x00007ffacada9000 	C:\WINDOWS\System32\msvcrt.dll
0x00007ffaca450000 - 0x00007ffaca4f6000 	C:\WINDOWS\System32\sechost.dll
0x00007ffacb7a0000 - 0x00007ffacb8b6000 	C:\WINDOWS\System32\RPCRT4.dll
0x00007ffacae40000 - 0x00007ffacb00a000 	C:\WINDOWS\System32\USER32.dll
0x00007ffac9b10000 - 0x00007ffac9b37000 	C:\WINDOWS\System32\win32u.dll
0x00007ffacbbc0000 - 0x00007ffacbbea000 	C:\WINDOWS\System32\GDI32.dll
0x00007ffac9d20000 - 0x00007ffac9e51000 	C:\WINDOWS\System32\gdi32full.dll
0x00007ffac9e60000 - 0x00007ffac9f03000 	C:\WINDOWS\System32\msvcp_win.dll
0x00007ffab39c0000 - 0x00007ffab3c50000 	C:\WINDOWS\WinSxS\amd64_microsoft.windows.common-controls_6595b64144ccf1df_6.0.26100.3323_none_3e088096e3344490\COMCTL32.dll
0x00007ffabf940000 - 0x00007ffabf94b000 	C:\WINDOWS\SYSTEM32\VERSION.dll
0x00007ffacbd00000 - 0x00007ffacbd2f000 	C:\WINDOWS\System32\IMM32.DLL
0x00007ffac64e0000 - 0x00007ffac64ec000 	C:\Program Files\Java\jdk-17\bin\vcruntime140_1.dll
0x00007ffaba3d0000 - 0x00007ffaba45e000 	C:\Program Files\Java\jdk-17\bin\msvcp140.dll
0x00007ff9f5650000 - 0x00007ff9f622d000 	C:\Program Files\Java\jdk-17\bin\server\jvm.dll
0x00007ffacb630000 - 0x00007ffacb638000 	C:\WINDOWS\System32\PSAPI.DLL
0x00007ffabf900000 - 0x00007ffabf936000 	C:\WINDOWS\SYSTEM32\WINMM.dll
0x00007ffac16f0000 - 0x00007ffac16fa000 	C:\WINDOWS\SYSTEM32\WSOCK32.dll
0x00007ffacbc80000 - 0x00007ffacbcf4000 	C:\WINDOWS\System32\WS2_32.dll
0x00007ffac8480000 - 0x00007ffac849a000 	C:\WINDOWS\SYSTEM32\kernel.appcore.dll
0x00007ffac63e0000 - 0x00007ffac63ea000 	C:\Program Files\Java\jdk-17\bin\jimage.dll
0x00007ffac7160000 - 0x00007ffac73a1000 	C:\WINDOWS\SYSTEM32\DBGHELP.DLL
0x00007ffacb0c0000 - 0x00007ffacb442000 	C:\WINDOWS\System32\combase.dll
0x00007ffaca500000 - 0x00007ffaca5d6000 	C:\WINDOWS\System32\OLEAUT32.dll
0x00007ffac0360000 - 0x00007ffac0399000 	C:\WINDOWS\SYSTEM32\dbgcore.DLL
0x00007ffaca090000 - 0x00007ffaca129000 	C:\WINDOWS\System32\bcryptPrimitives.dll
0x00007ffabb0d0000 - 0x00007ffabb0f5000 	C:\Program Files\Java\jdk-17\bin\java.dll
0x00007ffa92370000 - 0x00007ffa92447000 	C:\Program Files\Java\jdk-17\bin\jsvml.dll
0x00007ffaca5e0000 - 0x00007ffacacf5000 	C:\WINDOWS\System32\SHELL32.dll
0x00007ffaca1f0000 - 0x00007ffaca358000 	C:\WINDOWS\System32\wintypes.dll
0x00007ffac73e0000 - 0x00007ffac7c25000 	C:\WINDOWS\SYSTEM32\windows.storage.dll
0x00007ffaca360000 - 0x00007ffaca44b000 	C:\WINDOWS\System32\SHCORE.dll
0x00007ffacb9c0000 - 0x00007ffacba1d000 	C:\WINDOWS\System32\shlwapi.dll
0x00007ffac9650000 - 0x00007ffac967f000 	C:\WINDOWS\SYSTEM32\profapi.dll
0x00007ffabd4b0000 - 0x00007ffabd4c9000 	C:\Program Files\Java\jdk-17\bin\net.dll
0x00007ffac22b0000 - 0x00007ffac23ce000 	C:\WINDOWS\SYSTEM32\WINHTTP.dll
0x00007ffac8a20000 - 0x00007ffac8a8a000 	C:\WINDOWS\system32\mswsock.dll
0x00007ffabd3b0000 - 0x00007ffabd3c6000 	C:\Program Files\Java\jdk-17\bin\nio.dll
0x00007ffabb5f0000 - 0x00007ffabb608000 	C:\Program Files\Java\jdk-17\bin\zip.dll
0x00007ffabb020000 - 0x00007ffabb030000 	C:\Program Files\Java\jdk-17\bin\verify.dll
0x00007ffa32580000 - 0x00007ffa325a7000 	C:\Users\Fritz Trede\.gradle\native\c067742578af261105cb4f569cf0c3c89f3d7b1fecec35dd04571415982c5e48\windows-amd64\native-platform.dll
0x00007ffac63a0000 - 0x00007ffac63aa000 	C:\Users\Fritz Trede\.gradle\native\jansi\1.18\windows64\jansi.dll
0x00007ffaba920000 - 0x00007ffaba92a000 	C:\Program Files\Java\jdk-17\bin\management.dll
0x00007ffaba910000 - 0x00007ffaba91b000 	C:\Program Files\Java\jdk-17\bin\management_ext.dll
0x00007ffac8dd0000 - 0x00007ffac8dec000 	C:\WINDOWS\SYSTEM32\CRYPTSP.dll
0x00007ffac84a0000 - 0x00007ffac84da000 	C:\WINDOWS\system32\rsaenh.dll
0x00007ffac8ac0000 - 0x00007ffac8aeb000 	C:\WINDOWS\SYSTEM32\USERENV.dll
0x00007ffac8f60000 - 0x00007ffac8f86000 	C:\WINDOWS\SYSTEM32\bcrypt.dll
0x00007ffac8c50000 - 0x00007ffac8c5c000 	C:\WINDOWS\SYSTEM32\CRYPTBASE.dll
0x00007ffac7f40000 - 0x00007ffac7f73000 	C:\WINDOWS\SYSTEM32\IPHLPAPI.DLL
0x00007ffacbd40000 - 0x00007ffacbd4a000 	C:\WINDOWS\System32\NSI.dll
0x00007ffac2c70000 - 0x00007ffac2c8f000 	C:\WINDOWS\SYSTEM32\dhcpcsvc6.DLL
0x00007ffac2b80000 - 0x00007ffac2ba5000 	C:\WINDOWS\SYSTEM32\dhcpcsvc.DLL
0x00007ffac7f80000 - 0x00007ffac80a5000 	C:\WINDOWS\SYSTEM32\DNSAPI.dll
0x00007ffaba8f0000 - 0x00007ffaba8fd000 	C:\Program Files\Java\jdk-17\bin\sunmscapi.dll
0x00007ffac9f10000 - 0x00007ffaca087000 	C:\WINDOWS\System32\CRYPT32.dll
0x00007ffac8f20000 - 0x00007ffac8f50000 	C:\WINDOWS\SYSTEM32\ncrypt.dll
0x00007ffac8ed0000 - 0x00007ffac8f0f000 	C:\WINDOWS\SYSTEM32\NTASN1.dll
0x00007ffabcb40000 - 0x00007ffabcb48000 	C:\WINDOWS\system32\wshunix.dll

dbghelp: loaded successfully - version: 4.0.5 - missing functions: none
symbol engine: initialized successfully - sym options: 0x614 - pdb path: .;C:\Program Files\Java\jdk-17\bin;C:\WINDOWS\SYSTEM32;C:\WINDOWS\WinSxS\amd64_microsoft.windows.common-controls_6595b64144ccf1df_6.0.26100.3323_none_3e088096e3344490;C:\Program Files\Java\jdk-17\bin\server;C:\Users\Fritz Trede\.gradle\native\c067742578af261105cb4f569cf0c3c89f3d7b1fecec35dd04571415982c5e48\windows-amd64;C:\Users\Fritz Trede\.gradle\native\jansi\1.18\windows64

VM Arguments:
jvm_args: -Xmx64m -Xms64m -Dorg.gradle.appname=gradlew 
java_command: org.gradle.wrapper.GradleWrapperMain clean build
java_class_path (initial): C:\Users\Fritz Trede\git\generalizing-smt-solutions-fm4se\\gradle\wrapper\gradle-wrapper.jar
Launcher Type: SUN_STANDARD

[Global flags]
     intx CICompilerCount                          = 12                                        {product} {ergonomic}
     uint ConcGCThreads                            = 3                                         {product} {ergonomic}
     uint G1ConcRefinementThreads                  = 13                                        {product} {ergonomic}
   size_t G1HeapRegionSize                         = 1048576                                   {product} {ergonomic}
    uintx GCDrainStackTargetSize                   = 64                                        {product} {ergonomic}
   size_t InitialHeapSize                          = 67108864                                  {product} {command line}
   size_t MarkStackSize                            = 4194304                                   {product} {ergonomic}
   size_t MaxHeapSize                              = 67108864                                  {product} {command line}
   size_t MaxNewSize                               = 39845888                                  {product} {ergonomic}
   size_t MinHeapDeltaBytes                        = 1048576                                   {product} {ergonomic}
   size_t MinHeapSize                              = 67108864                                  {product} {command line}
    uintx NonNMethodCodeHeapSize                   = 7602480                                {pd product} {ergonomic}
    uintx NonProfiledCodeHeapSize                  = 122027880                              {pd product} {ergonomic}
    uintx ProfiledCodeHeapSize                     = 122027880                              {pd product} {ergonomic}
    uintx ReservedCodeCacheSize                    = 251658240                              {pd product} {ergonomic}
     bool SegmentedCodeCache                       = true                                      {product} {ergonomic}
   size_t SoftMaxHeapSize                          = 67108864                               {manageable} {ergonomic}
     bool UseCompressedClassPointers               = true                           {product lp64_product} {ergonomic}
     bool UseCompressedOops                        = true                           {product lp64_product} {ergonomic}
     bool UseG1GC                                  = true                                      {product} {ergonomic}
     bool UseLargePagesIndividualAllocation        = false                                  {pd product} {ergonomic}

Logging:
Log output configuration:
 #0: stdout all=warning uptime,level,tags
 #1: stderr all=off uptime,level,tags

Environment Variables:
JAVA_HOME=C:\Program Files\Java\jdk-17
CLASSPATH=C:\Users\Fritz Trede\git\generalizing-smt-solutions-fm4se\\gradle\wrapper\gradle-wrapper.jar
PATH=C:\Program Files\Common Files\Oracle\Java\javapath;C:\WINDOWS\system32;C:\WINDOWS;C:\WINDOWS\System32\Wbem;C:\WINDOWS\System32\WindowsPowerShell\v1.0\;C:\WINDOWS\System32\OpenSSH\;C:\Program Files\MATLAB\R2022b\bin;C:\Program Files\Microsoft SQL Server\120\Tools\Binn\;C:\Program Files\Common Files\Autodesk Shared\;C:\Program Files\Git\cmd;C:\Program Files\dotnet\;C:\Users\Fritz Trede\Downloads\apache-maven-3.8.8-bin\apache-maven-3.8.8\bin;C:\Program Files\Java\jdk-17\bin;C:\Program Files\Pandoc\;C:\Users\Fritz Trede\z3-4.8.9-x64-win\bin;C:\Users\Fritz Trede\AppData\Local\Microsoft\WindowsApps;C:\Users\Fritz Trede\AppData\Local\Programs\Microsoft VS Code\bin;C:\Users\Fritz Trede\AppData\Local\GitHubDesktop\bin;C:\Users\Fritz Trede\.dotnet\tools;C:\Users\Fritz Trede\AppData\Local\Programs\cursor\resources\app\bin
USERNAME=Fritz Trede
LANG=en_US.UTF-8
OS=Windows_NT
PROCESSOR_IDENTIFIER=AMD64 Family 23 Model 96 Stepping 1, AuthenticAMD



---------------  S Y S T E M  ---------------

OS:
 Windows 11 , 64 bit Build 26100 (10.0.26100.3323)
OS uptime: 1 days 11:13 hours
Hyper-V role detected

CPU: total 16 (initial active 16) (16 cores per cpu, 2 threads per core) family 23 model 96 stepping 1 microcode 0x860010c, cx8, cmov, fxsr, ht, mmx, 3dnowpref, sse, sse2, sse3, ssse3, sse4a, sse4.1, sse4.2, popcnt, lzcnt, tsc, tscinvbit, avx, avx2, aes, clmul, bmi1, bmi2, adx, sha, fma, vzeroupper, clflush, clflushopt, hv

Memory: 4k page, system-wide physical 15591M (453M free)
TotalPageFile size 62695M (AvailPageFile size 2M)
current process WorkingSet (physical memory assigned to process): 22M, peak: 111M
current process commit charge ("private bytes"): 177M, peak: 191M

vm_info: Java HotSpot(TM) 64-Bit Server VM (17.0.7+8-LTS-224) for windows-amd64 JRE (17.0.7+8-LTS-224), built on Feb 28 2023 23:03:02 by "mach5one" with MS VC++ 17.1 (VS2022)

END.
